TN:
SF:src/App.tsx
FN:18,App
FN:19,(anonymous_1)
FN:20,(anonymous_2)
FN:21,(anonymous_3)
FN:22,(anonymous_4)
FN:23,(anonymous_5)
FN:24,(anonymous_6)
FN:25,(anonymous_7)
FN:26,(anonymous_8)
FN:27,(anonymous_9)
FN:28,(anonymous_10)
FN:29,(anonymous_11)
FN:30,(anonymous_12)
FN:31,(anonymous_13)
FN:34,(anonymous_14)
FN:35,(anonymous_15)
FN:45,(anonymous_16)
FN:47,(anonymous_17)
FN:50,(anonymous_18)
FN:68,(anonymous_19)
FN:69,(anonymous_20)
FN:78,(anonymous_21)
FN:85,(anonymous_22)
FN:100,(anonymous_23)
FN:105,(anonymous_24)
FN:106,(anonymous_25)
FN:117,(anonymous_26)
FN:118,(anonymous_27)
FN:128,(anonymous_28)
FN:131,(anonymous_29)
FN:154,(anonymous_30)
FN:161,(anonymous_31)
FN:167,(anonymous_32)
FN:173,(anonymous_33)
FN:178,(anonymous_34)
FN:185,(anonymous_35)
FN:193,(anonymous_36)
FN:217,(anonymous_37)
FN:218,(anonymous_38)
FN:219,(anonymous_39)
FN:221,(anonymous_40)
FN:225,(anonymous_41)
FN:227,(anonymous_42)
FN:242,(anonymous_43)
FN:246,(anonymous_44)
FN:247,(anonymous_45)
FN:250,(anonymous_46)
FN:252,(anonymous_47)
FN:252,(anonymous_48)
FN:253,(anonymous_49)
FN:253,(anonymous_50)
FN:257,(anonymous_51)
FN:266,(anonymous_52)
FN:267,(anonymous_53)
FN:273,(anonymous_54)
FN:274,(anonymous_55)
FN:280,(anonymous_56)
FN:281,(anonymous_57)
FN:283,(anonymous_58)
FN:295,(anonymous_59)
FN:302,(anonymous_60)
FN:327,(anonymous_61)
FN:352,(anonymous_62)
FNF:63
FNH:0
FNDA:0,App
FNDA:0,(anonymous_1)
FNDA:0,(anonymous_2)
FNDA:0,(anonymous_3)
FNDA:0,(anonymous_4)
FNDA:0,(anonymous_5)
FNDA:0,(anonymous_6)
FNDA:0,(anonymous_7)
FNDA:0,(anonymous_8)
FNDA:0,(anonymous_9)
FNDA:0,(anonymous_10)
FNDA:0,(anonymous_11)
FNDA:0,(anonymous_12)
FNDA:0,(anonymous_13)
FNDA:0,(anonymous_14)
FNDA:0,(anonymous_15)
FNDA:0,(anonymous_16)
FNDA:0,(anonymous_17)
FNDA:0,(anonymous_18)
FNDA:0,(anonymous_19)
FNDA:0,(anonymous_20)
FNDA:0,(anonymous_21)
FNDA:0,(anonymous_22)
FNDA:0,(anonymous_23)
FNDA:0,(anonymous_24)
FNDA:0,(anonymous_25)
FNDA:0,(anonymous_26)
FNDA:0,(anonymous_27)
FNDA:0,(anonymous_28)
FNDA:0,(anonymous_29)
FNDA:0,(anonymous_30)
FNDA:0,(anonymous_31)
FNDA:0,(anonymous_32)
FNDA:0,(anonymous_33)
FNDA:0,(anonymous_34)
FNDA:0,(anonymous_35)
FNDA:0,(anonymous_36)
FNDA:0,(anonymous_37)
FNDA:0,(anonymous_38)
FNDA:0,(anonymous_39)
FNDA:0,(anonymous_40)
FNDA:0,(anonymous_41)
FNDA:0,(anonymous_42)
FNDA:0,(anonymous_43)
FNDA:0,(anonymous_44)
FNDA:0,(anonymous_45)
FNDA:0,(anonymous_46)
FNDA:0,(anonymous_47)
FNDA:0,(anonymous_48)
FNDA:0,(anonymous_49)
FNDA:0,(anonymous_50)
FNDA:0,(anonymous_51)
FNDA:0,(anonymous_52)
FNDA:0,(anonymous_53)
FNDA:0,(anonymous_54)
FNDA:0,(anonymous_55)
FNDA:0,(anonymous_56)
FNDA:0,(anonymous_57)
FNDA:0,(anonymous_58)
FNDA:0,(anonymous_59)
FNDA:0,(anonymous_60)
FNDA:0,(anonymous_61)
FNDA:0,(anonymous_62)
DA:19,0
DA:20,0
DA:21,0
DA:22,0
DA:23,0
DA:24,0
DA:25,0
DA:26,0
DA:27,0
DA:28,0
DA:29,0
DA:30,0
DA:31,0
DA:33,0
DA:34,0
DA:35,0
DA:38,0
DA:40,0
DA:41,0
DA:42,0
DA:44,0
DA:45,0
DA:46,0
DA:47,0
DA:50,0
DA:51,0
DA:52,0
DA:53,0
DA:54,0
DA:55,0
DA:56,0
DA:57,0
DA:58,0
DA:59,0
DA:60,0
DA:61,0
DA:62,0
DA:63,0
DA:64,0
DA:68,0
DA:69,0
DA:70,0
DA:71,0
DA:72,0
DA:74,0
DA:75,0
DA:78,0
DA:79,0
DA:80,0
DA:81,0
DA:82,0
DA:83,0
DA:85,0
DA:86,0
DA:87,0
DA:88,0
DA:89,0
DA:90,0
DA:93,0
DA:94,0
DA:95,0
DA:97,0
DA:100,0
DA:101,0
DA:102,0
DA:105,0
DA:106,0
DA:107,0
DA:108,0
DA:110,0
DA:111,0
DA:113,0
DA:117,0
DA:118,0
DA:119,0
DA:120,0
DA:121,0
DA:123,0
DA:124,0
DA:128,0
DA:129,0
DA:130,0
DA:131,0
DA:133,0
DA:134,0
DA:135,0
DA:138,0
DA:140,0
DA:141,0
DA:142,0
DA:147,0
DA:149,0
DA:150,0
DA:154,0
DA:155,0
DA:156,0
DA:157,0
DA:158,0
DA:161,0
DA:162,0
DA:163,0
DA:164,0
DA:167,0
DA:168,0
DA:169,0
DA:170,0
DA:171,0
DA:172,0
DA:173,0
DA:178,0
DA:179,0
DA:180,0
DA:181,0
DA:182,0
DA:185,0
DA:186,0
DA:187,0
DA:189,0
DA:190,0
DA:193,0
DA:197,0
DA:198,0
DA:200,0
DA:201,0
DA:202,0
DA:203,0
DA:210,0
DA:217,0
DA:218,0
DA:219,0
DA:221,0
DA:222,0
DA:225,0
DA:226,0
DA:227,0
DA:228,0
DA:229,0
DA:230,0
DA:231,0
DA:232,0
DA:233,0
DA:234,0
DA:235,0
DA:236,0
DA:237,0
DA:238,0
DA:239,0
DA:240,0
DA:241,0
DA:242,0
DA:243,0
DA:246,0
DA:247,0
DA:248,0
DA:249,0
DA:250,0
DA:252,0
DA:253,0
DA:254,0
DA:255,0
DA:256,0
DA:257,0
DA:261,0
DA:263,0
DA:266,0
DA:267,0
DA:268,0
DA:270,0
DA:273,0
DA:274,0
DA:275,0
DA:277,0
DA:280,0
DA:281,0
DA:282,0
DA:283,0
DA:286,0
DA:295,0
DA:302,0
DA:352,0
LF:180
LH:0
BRDA:35,0,0,0
BRDA:35,0,1,0
BRDA:46,1,0,0
BRDA:46,1,1,0
BRDA:52,2,0,0
BRDA:52,2,1,0
BRDA:53,3,0,0
BRDA:53,3,1,0
BRDA:57,4,0,0
BRDA:57,4,1,0
BRDA:59,5,0,0
BRDA:59,5,1,0
BRDA:62,6,0,0
BRDA:62,6,1,0
BRDA:80,7,0,0
BRDA:80,7,1,0
BRDA:86,8,0,0
BRDA:86,8,1,0
BRDA:88,9,0,0
BRDA:88,9,1,0
BRDA:89,10,0,0
BRDA:89,10,1,0
BRDA:107,11,0,0
BRDA:107,11,1,0
BRDA:110,12,0,0
BRDA:110,12,1,0
BRDA:119,13,0,0
BRDA:119,13,1,0
BRDA:130,14,0,0
BRDA:130,14,1,0
BRDA:134,15,0,0
BRDA:134,15,1,0
BRDA:140,16,0,0
BRDA:140,16,1,0
BRDA:155,17,0,0
BRDA:155,17,1,0
BRDA:156,18,0,0
BRDA:156,18,1,0
BRDA:163,19,0,0
BRDA:163,19,1,0
BRDA:172,20,0,0
BRDA:172,20,1,0
BRDA:179,21,0,0
BRDA:179,21,1,0
BRDA:186,22,0,0
BRDA:186,22,1,0
BRDA:186,23,0,0
BRDA:186,23,1,0
BRDA:197,24,0,0
BRDA:197,24,1,0
BRDA:197,25,0,0
BRDA:197,25,1,0
BRDA:202,26,0,0
BRDA:202,26,1,0
BRDA:204,27,0,0
BRDA:204,27,1,0
BRDA:222,28,0,0
BRDA:222,28,1,0
BRDA:227,29,0,0
BRDA:227,29,1,0
BRDA:241,30,0,0
BRDA:241,30,1,0
BRDA:242,31,0,0
BRDA:242,31,1,0
BRDA:243,32,0,0
BRDA:243,32,1,0
BRDA:254,33,0,0
BRDA:254,33,1,0
BRDA:291,34,0,0
BRDA:291,34,1,0
BRDA:292,35,0,0
BRDA:292,35,1,0
BRDA:299,36,0,0
BRDA:299,36,1,0
BRDA:300,37,0,0
BRDA:300,37,1,0
BRDA:320,38,0,0
BRDA:320,38,1,0
BRDA:355,39,0,0
BRDA:355,39,1,0
BRDA:358,40,0,0
BRDA:358,40,1,0
BRF:82
BRH:0
end_of_record
TN:
SF:src/main.tsx
FNF:0
FNH:0
DA:31,0
DA:33,0
LF:2
LH:0
BRF:0
BRH:0
end_of_record
TN:
SF:src/api/events.ts
FN:10,onEvent
FN:12,(anonymous_1)
FN:16,onEvents
FN:19,(anonymous_3)
FN:20,(anonymous_4)
FN:20,(anonymous_5)
FNF:6
FNH:0
FNDA:0,onEvent
FNDA:0,(anonymous_1)
FNDA:0,onEvents
FNDA:0,(anonymous_3)
FNDA:0,(anonymous_4)
FNDA:0,(anonymous_5)
DA:11,0
DA:12,0
DA:19,0
DA:20,0
LF:4
LH:0
BRF:0
BRH:0
end_of_record
TN:
SF:src/api/index.ts
FN:44,(anonymous_0)
FN:47,(anonymous_1)
FN:50,(anonymous_2)
FN:53,(anonymous_3)
FN:56,(anonymous_4)
FN:59,(anonymous_5)
FN:62,(anonymous_6)
FN:65,(anonymous_7)
FN:68,(anonymous_8)
FN:69,(anonymous_9)
FN:70,(anonymous_10)
FN:73,(anonymous_11)
FN:76,(anonymous_12)
FN:78,(anonymous_13)
FN:80,(anonymous_14)
FN:82,(anonymous_15)
FN:84,(anonymous_16)
FN:86,(anonymous_17)
FN:88,(anonymous_18)
FN:90,(anonymous_19)
FN:92,(anonymous_20)
FN:94,(anonymous_21)
FN:96,(anonymous_22)
FN:103,(anonymous_23)
FN:106,(anonymous_24)
FN:109,(anonymous_25)
FN:112,(anonymous_26)
FN:115,(anonymous_27)
FN:118,(anonymous_28)
FN:121,(anonymous_29)
FN:128,(anonymous_30)
FN:131,(anonymous_31)
FN:132,(anonymous_32)
FN:133,(anonymous_33)
FN:135,(anonymous_34)
FN:138,(anonymous_35)
FN:139,(anonymous_36)
FN:140,(anonymous_37)
FN:142,(anonymous_38)
FN:145,(anonymous_39)
FN:148,(anonymous_40)
FN:149,(anonymous_41)
FN:150,(anonymous_42)
FN:152,(anonymous_43)
FN:155,(anonymous_44)
FN:157,(anonymous_45)
FN:158,(anonymous_46)
FN:160,(anonymous_47)
FN:162,(anonymous_48)
FN:165,(anonymous_49)
FN:168,(anonymous_50)
FN:169,(anonymous_51)
FN:170,(anonymous_52)
FN:171,(anonymous_53)
FN:173,(anonymous_54)
FN:176,(anonymous_55)
FN:179,(anonymous_56)
FN:182,(anonymous_57)
FN:185,(anonymous_58)
FN:186,(anonymous_59)
FN:188,(anonymous_60)
FN:190,(anonymous_61)
FN:197,(anonymous_62)
FN:200,(anonymous_63)
FN:201,(anonymous_64)
FN:203,(anonymous_65)
FN:206,(anonymous_66)
FN:209,(anonymous_67)
FN:216,(anonymous_68)
FN:219,(anonymous_69)
FN:222,(anonymous_70)
FN:229,(anonymous_71)
FN:232,(anonymous_72)
FN:235,(anonymous_73)
FN:236,(anonymous_74)
FN:238,(anonymous_75)
FN:239,(anonymous_76)
FN:240,(anonymous_77)
FN:242,(anonymous_78)
FN:245,(anonymous_79)
FN:248,(anonymous_80)
FN:249,(anonymous_81)
FN:251,(anonymous_82)
FN:253,(anonymous_83)
FN:256,(anonymous_84)
FN:258,(anonymous_85)
FN:260,(anonymous_86)
FN:262,(anonymous_87)
FN:269,(anonymous_88)
FN:272,(anonymous_89)
FN:275,(anonymous_90)
FN:276,(anonymous_91)
FN:278,(anonymous_92)
FN:280,(anonymous_93)
FN:287,(anonymous_94)
FN:288,(anonymous_95)
FN:295,(anonymous_96)
FN:296,(anonymous_97)
FN:297,(anonymous_98)
FN:299,(anonymous_99)
FN:302,(anonymous_100)
FN:304,(anonymous_101)
FN:311,(anonymous_102)
FN:312,(anonymous_103)
FN:318,(anonymous_104)
FN:325,(anonymous_105)
FN:328,(anonymous_106)
FN:331,(anonymous_107)
FN:337,(anonymous_108)
FNF:109
FNH:0
FNDA:0,(anonymous_0)
FNDA:0,(anonymous_1)
FNDA:0,(anonymous_2)
FNDA:0,(anonymous_3)
FNDA:0,(anonymous_4)
FNDA:0,(anonymous_5)
FNDA:0,(anonymous_6)
FNDA:0,(anonymous_7)
FNDA:0,(anonymous_8)
FNDA:0,(anonymous_9)
FNDA:0,(anonymous_10)
FNDA:0,(anonymous_11)
FNDA:0,(anonymous_12)
FNDA:0,(anonymous_13)
FNDA:0,(anonymous_14)
FNDA:0,(anonymous_15)
FNDA:0,(anonymous_16)
FNDA:0,(anonymous_17)
FNDA:0,(anonymous_18)
FNDA:0,(anonymous_19)
FNDA:0,(anonymous_20)
FNDA:0,(anonymous_21)
FNDA:0,(anonymous_22)
FNDA:0,(anonymous_23)
FNDA:0,(anonymous_24)
FNDA:0,(anonymous_25)
FNDA:0,(anonymous_26)
FNDA:0,(anonymous_27)
FNDA:0,(anonymous_28)
FNDA:0,(anonymous_29)
FNDA:0,(anonymous_30)
FNDA:0,(anonymous_31)
FNDA:0,(anonymous_32)
FNDA:0,(anonymous_33)
FNDA:0,(anonymous_34)
FNDA:0,(anonymous_35)
FNDA:0,(anonymous_36)
FNDA:0,(anonymous_37)
FNDA:0,(anonymous_38)
FNDA:0,(anonymous_39)
FNDA:0,(anonymous_40)
FNDA:0,(anonymous_41)
FNDA:0,(anonymous_42)
FNDA:0,(anonymous_43)
FNDA:0,(anonymous_44)
FNDA:0,(anonymous_45)
FNDA:0,(anonymous_46)
FNDA:0,(anonymous_47)
FNDA:0,(anonymous_48)
FNDA:0,(anonymous_49)
FNDA:0,(anonymous_50)
FNDA:0,(anonymous_51)
FNDA:0,(anonymous_52)
FNDA:0,(anonymous_53)
FNDA:0,(anonymous_54)
FNDA:0,(anonymous_55)
FNDA:0,(anonymous_56)
FNDA:0,(anonymous_57)
FNDA:0,(anonymous_58)
FNDA:0,(anonymous_59)
FNDA:0,(anonymous_60)
FNDA:0,(anonymous_61)
FNDA:0,(anonymous_62)
FNDA:0,(anonymous_63)
FNDA:0,(anonymous_64)
FNDA:0,(anonymous_65)
FNDA:0,(anonymous_66)
FNDA:0,(anonymous_67)
FNDA:0,(anonymous_68)
FNDA:0,(anonymous_69)
FNDA:0,(anonymous_70)
FNDA:0,(anonymous_71)
FNDA:0,(anonymous_72)
FNDA:0,(anonymous_73)
FNDA:0,(anonymous_74)
FNDA:0,(anonymous_75)
FNDA:0,(anonymous_76)
FNDA:0,(anonymous_77)
FNDA:0,(anonymous_78)
FNDA:0,(anonymous_79)
FNDA:0,(anonymous_80)
FNDA:0,(anonymous_81)
FNDA:0,(anonymous_82)
FNDA:0,(anonymous_83)
FNDA:0,(anonymous_84)
FNDA:0,(anonymous_85)
FNDA:0,(anonymous_86)
FNDA:0,(anonymous_87)
FNDA:0,(anonymous_88)
FNDA:0,(anonymous_89)
FNDA:0,(anonymous_90)
FNDA:0,(anonymous_91)
FNDA:0,(anonymous_92)
FNDA:0,(anonymous_93)
FNDA:0,(anonymous_94)
FNDA:0,(anonymous_95)
FNDA:0,(anonymous_96)
FNDA:0,(anonymous_97)
FNDA:0,(anonymous_98)
FNDA:0,(anonymous_99)
FNDA:0,(anonymous_100)
FNDA:0,(anonymous_101)
FNDA:0,(anonymous_102)
FNDA:0,(anonymous_103)
FNDA:0,(anonymous_104)
FNDA:0,(anonymous_105)
FNDA:0,(anonymous_106)
FNDA:0,(anonymous_107)
FNDA:0,(anonymous_108)
DA:42,1
DA:45,0
DA:48,0
DA:51,0
DA:54,0
DA:57,0
DA:60,0
DA:63,0
DA:66,0
DA:68,0
DA:69,0
DA:70,0
DA:74,0
DA:75,0
DA:76,0
DA:79,0
DA:80,0
DA:83,0
DA:84,0
DA:87,0
DA:88,0
DA:91,0
DA:92,0
DA:95,0
DA:96,0
DA:104,0
DA:107,0
DA:110,0
DA:113,0
DA:116,0
DA:119,0
DA:122,0
DA:129,0
DA:131,0
DA:132,0
DA:133,0
DA:136,0
DA:138,0
DA:139,0
DA:140,0
DA:143,0
DA:146,0
DA:148,0
DA:149,0
DA:150,0
DA:153,0
DA:156,0
DA:157,0
DA:159,0
DA:160,0
DA:163,0
DA:166,0
DA:168,0
DA:169,0
DA:170,0
DA:171,0
DA:174,0
DA:177,0
DA:180,0
DA:183,0
DA:185,0
DA:186,0
DA:189,0
DA:190,0
DA:198,0
DA:200,0
DA:201,0
DA:204,0
DA:207,0
DA:210,0
DA:217,0
DA:220,0
DA:223,0
DA:230,0
DA:233,0
DA:235,0
DA:237,0
DA:238,0
DA:239,0
DA:240,0
DA:243,0
DA:246,0
DA:248,0
DA:249,0
DA:251,0
DA:254,0
DA:257,0
DA:258,0
DA:261,0
DA:262,0
DA:270,0
DA:273,0
DA:275,0
DA:276,0
DA:279,0
DA:280,0
DA:287,0
DA:289,0
DA:295,0
DA:296,0
DA:297,0
DA:300,0
DA:303,0
DA:304,0
DA:311,0
DA:312,0
DA:319,0
DA:326,0
DA:329,0
DA:331,0
DA:337,0
LF:111
LH:1
BRDA:45,0,0,0
BRDA:45,0,1,0
BRDA:63,1,0,0
BRDA:63,1,1,0
BRF:4
BRH:0
end_of_record
TN:
SF:src/components/toast-container.tsx
FN:3,ToastContainer
FN:19,(anonymous_1)
FN:42,(anonymous_2)
FNF:3
FNH:0
FNDA:0,ToastContainer
FNDA:0,(anonymous_1)
FNDA:0,(anonymous_2)
DA:4,0
DA:6,0
DA:8,0
DA:20,0
DA:42,0
LF:5
LH:0
BRDA:6,0,0,0
BRDA:6,0,1,0
BRDA:31,1,0,0
BRDA:31,1,1,0
BRDA:32,2,0,0
BRDA:32,2,1,0
BRF:6
BRH:0
end_of_record
TN:
SF:src/components/update-banner.tsx
FN:6,UpdateBanner
FN:39,(anonymous_1)
FN:66,(anonymous_2)
FN:91,(anonymous_3)
FNF:4
FNH:0
FNDA:0,UpdateBanner
FNDA:0,(anonymous_1)
FNDA:0,(anonymous_2)
FNDA:0,(anonymous_3)
DA:4,0
DA:7,0
DA:8,0
DA:9,0
DA:10,0
DA:12,0
DA:14,0
DA:15,0
DA:17,0
DA:21,0
DA:39,0
DA:66,0
DA:91,0
LF:13
LH:0
BRDA:12,0,0,0
BRDA:12,0,1,0
BRDA:14,1,0,0
BRDA:14,1,1,0
BRDA:15,2,0,0
BRDA:15,2,1,0
BRDA:15,3,0,0
BRDA:15,3,1,0
BRDA:15,3,2,0
BRDA:15,3,3,0
BRDA:17,4,0,0
BRDA:17,4,1,0
BRDA:23,5,0,0
BRDA:23,5,1,0
BRDA:27,6,0,0
BRDA:27,6,1,0
BRDA:46,7,0,0
BRDA:46,7,1,0
BRDA:53,8,0,0
BRDA:53,8,1,0
BRDA:56,9,0,0
BRDA:56,9,1,0
BRDA:60,10,0,0
BRDA:60,10,1,0
BRDA:63,11,0,0
BRDA:63,11,1,0
BRDA:68,12,0,0
BRDA:68,12,1,0
BRDA:73,13,0,0
BRDA:73,13,1,0
BRDA:88,14,0,0
BRDA:88,14,1,0
BRF:32
BRH:0
end_of_record
TN:
SF:src/components/welcome-screen.tsx
FN:8,WelcomeScreen
FNF:1
FNH:1
FNDA:1,WelcomeScreen
DA:9,1
LF:1
LH:1
BRF:0
BRH:0
end_of_record
TN:
SF:src/components/git-panel/branch-selector.tsx
FN:12,BranchSelector
FN:26,(anonymous_1)
FN:27,(anonymous_2)
FN:34,(anonymous_3)
FN:37,(anonymous_4)
FN:39,(anonymous_5)
FN:44,(anonymous_6)
FN:57,(anonymous_7)
FN:70,(anonymous_8)
FN:73,(anonymous_9)
FN:98,(anonymous_10)
FN:101,(anonymous_11)
FN:111,(anonymous_12)
FN:114,(anonymous_13)
FN:137,(anonymous_14)
FN:138,(anonymous_15)
FN:151,(anonymous_16)
FN:159,(anonymous_17)
FN:160,(anonymous_18)
FN:174,(anonymous_19)
FN:177,(anonymous_20)
FN:187,(anonymous_21)
FN:196,(anonymous_22)
FN:197,(anonymous_23)
FNF:24
FNH:5
FNDA:5,BranchSelector
FNDA:2,(anonymous_1)
FNDA:3,(anonymous_2)
FNDA:2,(anonymous_3)
FNDA:5,(anonymous_4)
FNDA:0,(anonymous_5)
FNDA:0,(anonymous_6)
FNDA:0,(anonymous_7)
FNDA:0,(anonymous_8)
FNDA:0,(anonymous_9)
FNDA:0,(anonymous_10)
FNDA:0,(anonymous_11)
FNDA:0,(anonymous_12)
FNDA:0,(anonymous_13)
FNDA:0,(anonymous_14)
FNDA:0,(anonymous_15)
FNDA:0,(anonymous_16)
FNDA:0,(anonymous_17)
FNDA:0,(anonymous_18)
FNDA:0,(anonymous_19)
FNDA:0,(anonymous_20)
FNDA:0,(anonymous_21)
FNDA:0,(anonymous_22)
FNDA:0,(anonymous_23)
DA:19,5
DA:20,5
DA:21,5
DA:22,5
DA:23,5
DA:26,5
DA:27,2
DA:28,3
DA:29,3
DA:30,3
DA:33,2
DA:34,2
DA:37,5
DA:39,5
DA:40,0
DA:41,0
DA:44,5
DA:45,0
DA:46,0
DA:47,0
DA:48,0
DA:49,0
DA:50,0
DA:51,0
DA:54,5
DA:57,0
DA:71,0
DA:74,0
DA:99,0
DA:101,0
DA:112,0
DA:115,0
DA:137,0
DA:138,0
DA:151,0
DA:159,0
DA:160,0
DA:175,0
DA:178,0
DA:187,0
DA:196,0
DA:197,0
LF:42
LH:16
BRDA:28,0,0,3
BRDA:28,0,1,0
BRDA:28,1,0,3
BRDA:28,1,1,3
BRDA:45,2,0,0
BRDA:45,2,1,0
BRDA:66,3,0,0
BRDA:66,3,1,5
BRDA:71,4,0,0
BRDA:71,4,1,0
BRDA:74,5,0,0
BRDA:74,5,1,0
BRDA:81,6,0,5
BRDA:81,6,1,0
BRDA:87,7,0,5
BRDA:87,7,1,0
BRDA:106,8,0,0
BRDA:106,8,1,0
BRDA:112,9,0,0
BRDA:112,9,1,0
BRDA:115,10,0,0
BRDA:115,10,1,0
BRDA:118,11,0,0
BRDA:118,11,1,0
BRDA:123,12,0,0
BRDA:123,12,1,0
BRDA:132,13,0,0
BRDA:132,13,1,0
BRDA:138,14,0,0
BRDA:138,14,1,0
BRDA:166,15,0,0
BRDA:166,15,1,0
BRDA:175,16,0,0
BRDA:175,16,1,0
BRDA:175,17,0,0
BRDA:175,17,1,0
BRDA:178,18,0,0
BRDA:178,18,1,0
BRDA:178,19,0,0
BRDA:178,19,1,0
BRDA:181,20,0,0
BRDA:181,20,1,0
BRF:42
BRH:6
end_of_record
TN:
SF:src/components/git-panel/branches-tab.tsx
FN:12,BranchesTab
FN:20,(anonymous_1)
FN:21,(anonymous_2)
FN:31,(anonymous_3)
FN:37,(anonymous_4)
FN:49,(anonymous_5)
FN:69,(anonymous_6)
FN:78,(anonymous_7)
FN:88,(anonymous_8)
FN:108,(anonymous_9)
FN:118,(anonymous_10)
FNF:11
FNH:0
FNDA:0,BranchesTab
FNDA:0,(anonymous_1)
FNDA:0,(anonymous_2)
FNDA:0,(anonymous_3)
FNDA:0,(anonymous_4)
FNDA:0,(anonymous_5)
FNDA:0,(anonymous_6)
FNDA:0,(anonymous_7)
FNDA:0,(anonymous_8)
FNDA:0,(anonymous_9)
FNDA:0,(anonymous_10)
DA:20,0
DA:21,0
DA:23,0
DA:24,0
DA:31,0
DA:32,0
DA:33,0
DA:37,0
DA:38,0
DA:39,0
DA:43,0
DA:50,0
DA:69,0
DA:78,0
DA:88,0
DA:109,0
DA:118,0
LF:17
LH:0
BRDA:23,0,0,0
BRDA:23,0,1,0
BRDA:32,1,0,0
BRDA:32,1,1,0
BRDA:38,2,0,0
BRDA:38,2,1,0
BRDA:55,3,0,0
BRDA:55,3,1,0
BRDA:62,4,0,0
BRDA:62,4,1,0
BRDA:66,5,0,0
BRDA:66,5,1,0
BRDA:103,6,0,0
BRDA:103,6,1,0
BRF:14
BRH:0
end_of_record
TN:
SF:src/components/git-panel/changes-list.tsx
FN:13,ChangesList
FN:33,(anonymous_1)
FN:47,(anonymous_2)
FN:73,FileItem
FN:81,(anonymous_4)
FN:109,(anonymous_5)
FN:122,(anonymous_6)
FN:138,(anonymous_7)
FN:154,ActionButton
FN:165,(anonymous_9)
FN:214,(anonymous_10)
FN:218,(anonymous_11)
FNF:12
FNH:0
FNDA:0,ChangesList
FNDA:0,(anonymous_1)
FNDA:0,(anonymous_2)
FNDA:0,FileItem
FNDA:0,(anonymous_4)
FNDA:0,(anonymous_5)
FNDA:0,(anonymous_6)
FNDA:0,(anonymous_7)
FNDA:0,ActionButton
FNDA:0,(anonymous_9)
FNDA:0,(anonymous_10)
FNDA:0,(anonymous_11)
DA:21,0
DA:22,0
DA:29,0
DA:31,0
DA:34,0
DA:48,0
DA:74,0
DA:75,0
DA:76,0
DA:78,0
DA:81,0
DA:109,0
DA:123,0
DA:124,0
DA:125,0
DA:138,0
DA:165,0
DA:166,0
DA:168,0
DA:174,0
DA:180,0
DA:186,0
DA:194,0
DA:196,0
DA:215,0
DA:216,0
DA:219,0
DA:220,0
LF:28
LH:0
BRDA:21,0,0,0
BRDA:21,0,1,0
BRDA:74,1,0,0
BRDA:74,1,1,0
BRDA:91,2,0,0
BRDA:91,2,1,0
BRDA:91,2,2,0
BRDA:96,3,0,0
BRDA:96,3,1,0
BRDA:96,4,0,0
BRDA:96,4,1,0
BRDA:97,5,0,0
BRDA:97,5,1,0
BRDA:99,6,0,0
BRDA:99,6,1,0
BRDA:107,7,0,0
BRDA:107,7,1,0
BRDA:107,7,2,0
BRDA:118,8,0,0
BRDA:118,8,1,0
BRDA:120,9,0,0
BRDA:120,9,1,0
BRDA:124,10,0,0
BRDA:124,10,1,0
BRDA:136,11,0,0
BRDA:136,11,1,0
BRDA:166,12,0,0
BRDA:166,12,1,0
BRDA:166,12,2,0
BRDA:166,12,3,0
BRF:30
BRH:0
end_of_record
TN:
SF:src/components/git-panel/collapsible-section.tsx
FN:16,CollapsibleSection
FN:30,(anonymous_1)
FN:39,(anonymous_2)
FN:47,(anonymous_3)
FN:47,(anonymous_4)
FN:90,(anonymous_5)
FN:106,(anonymous_6)
FN:110,(anonymous_7)
FNF:8
FNH:0
FNDA:0,CollapsibleSection
FNDA:0,(anonymous_1)
FNDA:0,(anonymous_2)
FNDA:0,(anonymous_3)
FNDA:0,(anonymous_4)
FNDA:0,(anonymous_5)
FNDA:0,(anonymous_6)
FNDA:0,(anonymous_7)
DA:28,0
DA:30,0
DA:31,0
DA:32,0
DA:33,0
DA:35,0
DA:39,0
DA:40,0
DA:41,0
DA:47,0
DA:49,0
DA:90,0
DA:107,0
DA:108,0
DA:111,0
DA:112,0
LF:16
LH:0
BRDA:20,0,0,0
BRDA:33,1,0,0
BRDA:33,1,1,0
BRDA:59,2,0,0
BRDA:59,2,1,0
BRDA:67,3,0,0
BRDA:67,3,1,0
BRDA:73,4,0,0
BRDA:73,4,1,0
BRDA:76,5,0,0
BRDA:76,5,1,0
BRDA:87,6,0,0
BRDA:87,6,1,0
BRDA:87,6,2,0
BRDA:87,6,3,0
BRDA:124,7,0,0
BRDA:124,7,1,0
BRF:17
BRH:0
end_of_record
TN:
SF:src/components/git-panel/commit-composer-actions.tsx
FN:10,CommitComposerActions
FN:19,(anonymous_1)
FN:20,(anonymous_2)
FN:27,(anonymous_3)
FN:34,(anonymous_4)
FN:45,(anonymous_5)
FN:45,(anonymous_6)
FN:57,(anonymous_7)
FNF:8
FNH:7
FNDA:35,CommitComposerActions
FNDA:2,(anonymous_1)
FNDA:4,(anonymous_2)
FNDA:2,(anonymous_3)
FNDA:0,(anonymous_4)
FNDA:1,(anonymous_5)
FNDA:1,(anonymous_6)
FNDA:1,(anonymous_7)
DA:16,35
DA:17,35
DA:19,35
DA:20,2
DA:21,4
DA:22,2
DA:26,2
DA:27,2
DA:30,35
DA:34,0
DA:45,1
DA:58,1
DA:59,1
LF:13
LH:12
BRDA:21,0,0,2
BRDA:21,0,1,2
BRDA:38,1,0,1
BRDA:38,1,1,34
BRDA:41,2,0,35
BRDA:41,2,1,27
BRDA:45,3,0,1
BRDA:45,3,1,1
BRDA:53,4,0,27
BRDA:53,4,1,1
BRF:10
BRH:10
end_of_record
TN:
SF:src/components/git-panel/commit-form.tsx
FN:10,CommitForm
FN:16,(anonymous_1)
FN:23,(anonymous_2)
FN:30,(anonymous_3)
FN:38,(anonymous_4)
FN:63,(anonymous_5)
FN:67,(anonymous_6)
FNF:7
FNH:6
FNDA:34,CommitForm
FNDA:30,(anonymous_1)
FNDA:1,(anonymous_2)
FNDA:0,(anonymous_3)
FNDA:1,(anonymous_4)
FNDA:30,(anonymous_5)
FNDA:30,(anonymous_6)
DA:11,34
DA:12,34
DA:13,34
DA:14,34
DA:16,34
DA:17,30
DA:18,30
DA:19,30
DA:20,30
DA:23,34
DA:24,1
DA:25,1
DA:26,1
DA:30,34
DA:31,0
DA:32,0
DA:33,0
DA:34,0
DA:35,0
DA:38,34
DA:39,1
DA:40,1
DA:41,1
DA:42,1
DA:43,1
DA:46,34
DA:64,30
DA:65,30
DA:68,30
DA:69,0
DA:70,0
DA:71,0
DA:73,0
LF:33
LH:24
BRDA:14,0,0,34
BRDA:14,0,1,31
BRDA:14,0,2,24
BRDA:18,1,0,0
BRDA:18,1,1,30
BRDA:25,2,0,1
BRDA:25,2,1,0
BRDA:31,3,0,0
BRDA:31,3,1,0
BRDA:35,4,0,0
BRDA:35,4,1,0
BRDA:39,5,0,0
BRDA:39,5,1,1
BRDA:39,6,0,1
BRDA:39,6,1,1
BRDA:43,7,0,1
BRDA:43,7,1,0
BRDA:47,8,0,8
BRDA:47,8,1,26
BRDA:52,9,0,26
BRDA:52,9,1,8
BRDA:55,10,0,26
BRDA:55,10,1,8
BRDA:68,11,0,0
BRDA:68,11,1,30
BRDA:68,12,0,30
BRDA:68,12,1,0
BRDA:68,12,2,0
BRDA:70,13,0,0
BRDA:70,13,1,0
BRDA:77,14,0,26
BRDA:77,14,1,8
BRDA:87,15,0,26
BRDA:87,15,1,8
BRF:34
BRH:21
end_of_record
TN:
SF:src/components/git-panel/diff-modal.tsx
FN:21,DiffModal
FN:35,(anonymous_1)
FN:37,(anonymous_2)
FN:44,(anonymous_3)
FN:66,(anonymous_4)
FN:139,(anonymous_5)
FN:144,(anonymous_6)
FNF:7
FNH:0
FNDA:0,DiffModal
FNDA:0,(anonymous_1)
FNDA:0,(anonymous_2)
FNDA:0,(anonymous_3)
FNDA:0,(anonymous_4)
FNDA:0,(anonymous_5)
FNDA:0,(anonymous_6)
DA:35,0
DA:36,0
DA:37,0
DA:38,0
DA:39,0
DA:40,0
DA:41,0
DA:43,0
DA:44,0
DA:47,0
DA:49,0
DA:50,0
DA:51,0
DA:52,0
DA:53,0
DA:54,0
DA:58,0
DA:66,0
DA:140,0
DA:141,0
DA:142,0
DA:145,0
DA:146,0
DA:147,0
DA:184,0
DA:185,0
DA:188,0
LF:27
LH:0
BRDA:30,0,0,0
BRDA:36,1,0,0
BRDA:36,1,1,0
BRDA:38,2,0,0
BRDA:38,2,1,0
BRDA:47,3,0,0
BRDA:47,3,1,0
BRDA:47,4,0,0
BRDA:47,4,1,0
BRDA:49,5,0,0
BRDA:49,5,1,0
BRDA:50,6,0,0
BRDA:50,6,1,0
BRDA:51,7,0,0
BRDA:51,7,1,0
BRDA:51,8,0,0
BRDA:51,8,1,0
BRDA:52,9,0,0
BRDA:52,9,1,0
BRDA:54,10,0,0
BRDA:54,10,1,0
BRDA:89,11,0,0
BRDA:89,11,1,0
BRDA:94,12,0,0
BRDA:94,12,1,0
BRDA:101,13,0,0
BRDA:101,13,1,0
BRDA:101,13,2,0
BRDA:103,14,0,0
BRDA:103,14,1,0
BRDA:103,14,2,0
BRDA:108,15,0,0
BRDA:108,15,1,0
BRDA:108,15,2,0
BRDA:116,16,0,0
BRDA:116,16,1,0
BRDA:159,17,0,0
BRDA:159,17,1,0
BRDA:166,18,0,0
BRDA:166,18,1,0
BRDA:172,19,0,0
BRDA:172,19,1,0
BRDA:184,20,0,0
BRDA:184,20,1,0
BRF:44
BRH:0
end_of_record
TN:
SF:src/components/git-panel/diff-renderer.tsx
FN:44,isMetaLine
FN:45,(anonymous_1)
FN:48,trimTrailingNewline
FN:52,stripDiffPrefix
FN:56,parseUnifiedDiff
FN:187,pluralize
FN:191,SummaryChip
FN:206,getRowClass
FN:223,DiffRenderer
FN:258,(anonymous_9)
FNF:10
FNH:0
FNDA:0,isMetaLine
FNDA:0,(anonymous_1)
FNDA:0,trimTrailingNewline
FNDA:0,stripDiffPrefix
FNDA:0,parseUnifiedDiff
FNDA:0,pluralize
FNDA:0,SummaryChip
FNDA:0,getRowClass
FNDA:0,DiffRenderer
FNDA:0,(anonymous_9)
DA:27,0
DA:45,0
DA:49,0
DA:53,0
DA:57,0
DA:58,0
DA:59,0
DA:61,0
DA:62,0
DA:63,0
DA:64,0
DA:65,0
DA:66,0
DA:68,0
DA:69,0
DA:70,0
DA:71,0
DA:79,0
DA:82,0
DA:83,0
DA:84,0
DA:85,0
DA:86,0
DA:88,0
DA:89,0
DA:97,0
DA:100,0
DA:101,0
DA:109,0
DA:112,0
DA:113,0
DA:121,0
DA:122,0
DA:123,0
DA:126,0
DA:127,0
DA:135,0
DA:136,0
DA:137,0
DA:140,0
DA:141,0
DA:149,0
DA:150,0
DA:151,0
DA:154,0
DA:155,0
DA:163,0
DA:166,0
DA:176,0
DA:188,0
DA:193,0
DA:199,0
DA:207,0
DA:209,0
DA:211,0
DA:213,0
DA:215,0
DA:217,0
DA:219,0
DA:224,0
DA:225,0
DA:232,0
DA:233,0
DA:235,0
DA:259,0
DA:260,0
DA:262,0
LF:67
LH:0
BRDA:49,0,0,0
BRDA:49,0,1,0
BRDA:53,1,0,0
BRDA:53,1,1,0
BRDA:58,2,0,0
BRDA:58,2,1,0
BRDA:69,3,0,0
BRDA:69,3,1,0
BRDA:82,4,0,0
BRDA:82,4,1,0
BRDA:84,5,0,0
BRDA:84,5,1,0
BRDA:100,6,0,0
BRDA:100,6,1,0
BRDA:112,7,0,0
BRDA:112,7,1,0
BRDA:112,8,0,0
BRDA:112,8,1,0
BRDA:119,9,0,0
BRDA:119,9,1,0
BRDA:126,10,0,0
BRDA:126,10,1,0
BRDA:126,11,0,0
BRDA:126,11,1,0
BRDA:132,12,0,0
BRDA:132,12,1,0
BRDA:140,13,0,0
BRDA:140,13,1,0
BRDA:146,14,0,0
BRDA:146,14,1,0
BRDA:147,15,0,0
BRDA:147,15,1,0
BRDA:154,16,0,0
BRDA:154,16,1,0
BRDA:188,17,0,0
BRDA:188,17,1,0
BRDA:193,18,0,0
BRDA:193,18,1,0
BRDA:195,19,0,0
BRDA:195,19,1,0
BRDA:207,20,0,0
BRDA:207,20,1,0
BRDA:207,20,2,0
BRDA:207,20,3,0
BRDA:207,20,4,0
BRDA:207,20,5,0
BRDA:223,21,0,0
BRDA:224,22,0,0
BRDA:224,22,1,0
BRDA:259,23,0,0
BRDA:259,23,1,0
BRDA:265,24,0,0
BRDA:265,24,1,0
BRDA:265,25,0,0
BRDA:265,25,1,0
BRDA:268,26,0,0
BRDA:268,26,1,0
BRDA:271,27,0,0
BRDA:271,27,1,0
BRDA:276,28,0,0
BRDA:276,28,1,0
BRF:61
BRH:0
end_of_record
TN:
SF:src/components/git-panel/diff-viewer.tsx
FN:8,DiffViewer
FNF:1
FNH:0
FNDA:0,DiffViewer
DA:9,0
DA:10,0
DA:17,0
LF:3
LH:0
BRDA:9,0,0,0
BRDA:9,0,1,0
BRDA:9,1,0,0
BRDA:9,1,1,0
BRF:4
BRH:0
end_of_record
TN:
SF:src/components/git-panel/git-file-utils.tsx
FN:4,getStatusColor
FN:20,getStatusLabel
FN:60,groupByDir
FN:62,(anonymous_3)
FNF:4
FNH:0
FNDA:0,getStatusColor
FNDA:0,getStatusLabel
FNDA:0,groupByDir
FNDA:0,(anonymous_3)
DA:5,0
DA:8,0
DA:9,0
DA:10,0
DA:12,0
DA:13,0
DA:21,0
DA:25,0
DA:31,0
DA:37,0
DA:44,0
DA:50,0
DA:61,0
DA:62,0
DA:63,0
DA:64,0
DA:65,0
DA:66,0
DA:68,0
LF:19
LH:0
BRDA:5,0,0,0
BRDA:5,0,1,0
BRDA:5,0,2,0
BRDA:5,0,3,0
BRDA:5,0,4,0
BRDA:5,0,5,0
BRDA:5,0,6,0
BRDA:5,0,7,0
BRDA:21,1,0,0
BRDA:21,1,1,0
BRDA:21,1,2,0
BRDA:21,1,3,0
BRDA:21,1,4,0
BRDA:21,1,5,0
BRDA:21,1,6,0
BRDA:21,1,7,0
BRDA:63,2,0,0
BRDA:63,2,1,0
BRDA:64,3,0,0
BRDA:64,3,1,0
BRDA:65,4,0,0
BRDA:65,4,1,0
BRF:22
BRH:0
end_of_record
TN:
SF:src/components/git-panel/history-tab.tsx
FN:8,HistoryTab
FN:25,(anonymous_1)
FN:45,(anonymous_2)
FNF:3
FNH:0
FNDA:0,HistoryTab
FNDA:0,(anonymous_1)
FNDA:0,(anonymous_2)
DA:9,0
DA:10,0
DA:17,0
DA:18,0
DA:25,0
DA:26,0
DA:27,0
DA:28,0
DA:29,0
DA:30,0
DA:31,0
DA:33,0
DA:34,0
DA:35,0
DA:36,0
DA:37,0
DA:38,0
DA:41,0
DA:43,0
DA:46,0
LF:20
LH:0
BRDA:9,0,0,0
BRDA:9,0,1,0
BRDA:17,1,0,0
BRDA:17,1,1,0
BRDA:33,2,0,0
BRDA:33,2,1,0
BRDA:34,3,0,0
BRDA:34,3,1,0
BRDA:35,4,0,0
BRDA:35,4,1,0
BRDA:36,5,0,0
BRDA:36,5,1,0
BRDA:37,6,0,0
BRDA:37,6,1,0
BRDA:62,7,0,0
BRDA:62,7,1,0
BRF:16
BRH:0
end_of_record
TN:
SF:src/components/git-panel/index.ts
FNF:0
FNH:0
LF:0
LH:0
BRF:0
BRH:0
end_of_record
TN:
SF:src/components/git-panel/stash-tab.tsx
FN:15,StashTab
FN:28,(anonymous_1)
FN:36,(anonymous_2)
FN:49,(anonymous_3)
FN:50,(anonymous_4)
FN:84,(anonymous_5)
FN:88,(anonymous_6)
FN:92,(anonymous_7)
FN:114,(anonymous_8)
FN:126,(anonymous_9)
FN:127,(anonymous_10)
FN:136,(anonymous_11)
FN:148,(anonymous_12)
FN:149,(anonymous_13)
FN:158,(anonymous_14)
FN:170,(anonymous_15)
FN:171,(anonymous_16)
FNF:17
FNH:0
FNDA:0,StashTab
FNDA:0,(anonymous_1)
FNDA:0,(anonymous_2)
FNDA:0,(anonymous_3)
FNDA:0,(anonymous_4)
FNDA:0,(anonymous_5)
FNDA:0,(anonymous_6)
FNDA:0,(anonymous_7)
FNDA:0,(anonymous_8)
FNDA:0,(anonymous_9)
FNDA:0,(anonymous_10)
FNDA:0,(anonymous_11)
FNDA:0,(anonymous_12)
FNDA:0,(anonymous_13)
FNDA:0,(anonymous_14)
FNDA:0,(anonymous_15)
FNDA:0,(anonymous_16)
DA:25,0
DA:26,0
DA:28,0
DA:29,0
DA:30,0
DA:31,0
DA:32,0
DA:33,0
DA:36,0
DA:37,0
DA:38,0
DA:41,0
DA:49,0
DA:50,0
DA:85,0
DA:89,0
DA:90,0
DA:93,0
DA:94,0
DA:114,0
DA:126,0
DA:127,0
DA:136,0
DA:148,0
DA:149,0
DA:158,0
DA:170,0
DA:171,0
LF:28
LH:0
BRDA:30,0,0,0
BRDA:30,0,1,0
BRDA:44,1,0,0
BRDA:44,1,1,0
BRDA:50,2,0,0
BRDA:50,2,1,0
BRDA:67,3,0,0
BRDA:67,3,1,0
BRDA:74,4,0,0
BRDA:74,4,1,0
BRDA:78,5,0,0
BRDA:78,5,1,0
BRDA:90,6,0,0
BRDA:90,6,1,0
BRDA:94,7,0,0
BRDA:94,7,1,0
BRDA:112,8,0,0
BRDA:112,8,1,0
BRDA:134,9,0,0
BRDA:134,9,1,0
BRDA:156,10,0,0
BRDA:156,10,1,0
BRF:22
BRH:0
end_of_record
TN:
SF:src/components/github-setup/git-init-dialog.tsx
FN:12,GitInitDialog
FN:26,(anonymous_1)
FN:84,(anonymous_2)
FN:111,(anonymous_3)
FN:120,(anonymous_4)
FN:132,WarningIcon
FNF:6
FNH:0
FNDA:0,GitInitDialog
FNDA:0,(anonymous_1)
FNDA:0,(anonymous_2)
FNDA:0,(anonymous_3)
FNDA:0,(anonymous_4)
FNDA:0,WarningIcon
DA:20,0
DA:21,0
DA:22,0
DA:24,0
DA:26,0
DA:27,0
DA:28,0
DA:29,0
DA:31,0
DA:35,0
DA:84,0
DA:111,0
DA:120,0
DA:133,0
LF:14
LH:0
BRDA:24,0,0,0
BRDA:24,0,1,0
BRDA:53,1,0,0
BRDA:53,1,1,0
BRDA:92,2,0,0
BRDA:92,2,1,0
BRDA:96,3,0,0
BRDA:96,3,1,0
BRDA:124,4,0,0
BRDA:124,4,1,0
BRF:10
BRH:0
end_of_record
TN:
SF:src/components/github-setup/github-connect-dialog.tsx
FN:15,GitHubConnectDialog
FN:42,(anonymous_1)
FN:55,(anonymous_2)
FN:77,(anonymous_3)
FN:96,(anonymous_4)
FN:117,(anonymous_5)
FN:137,(anonymous_6)
FN:151,(anonymous_7)
FN:155,(anonymous_8)
FN:175,(anonymous_9)
FN:201,(anonymous_10)
FN:214,(anonymous_11)
FN:250,(anonymous_12)
FN:273,(anonymous_13)
FN:284,(anonymous_14)
FN:299,(anonymous_15)
FN:316,(anonymous_16)
FN:339,(anonymous_17)
FN:362,(anonymous_18)
FN:372,(anonymous_19)
FN:432,(anonymous_20)
FN:435,(anonymous_21)
FN:451,(anonymous_22)
FN:470,(anonymous_23)
FN:519,(anonymous_24)
FN:533,PlusIcon
FN:541,LinkIcon
FN:550,BackIcon
FN:558,LockIcon
FN:567,GlobeIcon
FN:576,SpinnerIcon
FN:586,CheckCircleIcon
FN:596,ChevronRightIcon
FN:604,BranchIcon
FN:613,RepoIcon
FN:622,InfoIcon
FN:631,ChevronIcon
FNF:37
FNH:0
FNDA:0,GitHubConnectDialog
FNDA:0,(anonymous_1)
FNDA:0,(anonymous_2)
FNDA:0,(anonymous_3)
FNDA:0,(anonymous_4)
FNDA:0,(anonymous_5)
FNDA:0,(anonymous_6)
FNDA:0,(anonymous_7)
FNDA:0,(anonymous_8)
FNDA:0,(anonymous_9)
FNDA:0,(anonymous_10)
FNDA:0,(anonymous_11)
FNDA:0,(anonymous_12)
FNDA:0,(anonymous_13)
FNDA:0,(anonymous_14)
FNDA:0,(anonymous_15)
FNDA:0,(anonymous_16)
FNDA:0,(anonymous_17)
FNDA:0,(anonymous_18)
FNDA:0,(anonymous_19)
FNDA:0,(anonymous_20)
FNDA:0,(anonymous_21)
FNDA:0,(anonymous_22)
FNDA:0,(anonymous_23)
FNDA:0,(anonymous_24)
FNDA:0,PlusIcon
FNDA:0,LinkIcon
FNDA:0,BackIcon
FNDA:0,LockIcon
FNDA:0,GlobeIcon
FNDA:0,SpinnerIcon
FNDA:0,CheckCircleIcon
FNDA:0,ChevronRightIcon
FNDA:0,BranchIcon
FNDA:0,RepoIcon
FNDA:0,InfoIcon
FNDA:0,ChevronIcon
DA:22,0
DA:23,0
DA:24,0
DA:25,0
DA:28,0
DA:29,0
DA:32,0
DA:35,0
DA:36,0
DA:37,0
DA:38,0
DA:39,0
DA:42,0
DA:43,0
DA:44,0
DA:45,0
DA:46,0
DA:47,0
DA:48,0
DA:49,0
DA:53,0
DA:55,0
DA:56,0
DA:57,0
DA:58,0
DA:61,0
DA:62,0
DA:64,0
DA:65,0
DA:66,0
DA:67,0
DA:68,0
DA:72,0
DA:73,0
DA:76,0
DA:77,0
DA:80,0
DA:81,0
DA:83,0
DA:85,0
DA:86,0
DA:87,0
DA:88,0
DA:90,0
DA:92,0
DA:96,0
DA:97,0
DA:98,0
DA:99,0
DA:102,0
DA:103,0
DA:105,0
DA:106,0
DA:109,0
DA:112,0
DA:113,0
DA:116,0
DA:117,0
DA:119,0
DA:120,0
DA:122,0
DA:124,0
DA:126,0
DA:127,0
DA:128,0
DA:129,0
DA:131,0
DA:133,0
DA:137,0
DA:138,0
DA:139,0
DA:141,0
DA:142,0
DA:143,0
DA:145,0
DA:147,0
DA:151,0
DA:152,0
DA:155,0
DA:156,0
DA:157,0
DA:159,0
DA:160,0
DA:161,0
DA:162,0
DA:164,0
DA:167,0
DA:169,0
DA:173,0
DA:175,0
DA:176,0
DA:178,0
DA:201,0
DA:214,0
DA:246,0
DA:250,0
DA:273,0
DA:284,0
DA:299,0
DA:316,0
DA:335,0
DA:339,0
DA:362,0
DA:372,0
DA:391,0
DA:432,0
DA:436,0
DA:451,0
DA:470,0
DA:490,0
DA:519,0
DA:534,0
DA:542,0
DA:551,0
DA:559,0
DA:568,0
DA:577,0
DA:587,0
DA:588,0
DA:597,0
DA:605,0
DA:614,0
DA:623,0
DA:632,0
LF:124
LH:0
BRDA:43,0,0,0
BRDA:43,0,1,0
BRDA:53,1,0,0
BRDA:53,1,1,0
BRDA:56,2,0,0
BRDA:56,2,1,0
BRDA:66,3,0,0
BRDA:66,3,1,0
BRDA:67,4,0,0
BRDA:67,4,1,0
BRDA:73,5,0,0
BRDA:73,5,1,0
BRDA:80,6,0,0
BRDA:80,6,1,0
BRDA:90,7,0,0
BRDA:90,7,1,0
BRDA:97,8,0,0
BRDA:97,8,1,0
BRDA:113,9,0,0
BRDA:113,9,1,0
BRDA:119,10,0,0
BRDA:119,10,1,0
BRDA:127,11,0,0
BRDA:127,11,1,0
BRDA:131,12,0,0
BRDA:131,12,1,0
BRDA:145,13,0,0
BRDA:145,13,1,0
BRDA:161,14,0,0
BRDA:161,14,1,0
BRDA:176,15,0,0
BRDA:176,15,1,0
BRDA:176,15,2,0
BRDA:176,15,3,0
BRDA:186,16,0,0
BRDA:186,16,1,0
BRDA:195,17,0,0
BRDA:195,17,1,0
BRDA:239,18,0,0
BRDA:239,18,1,0
BRDA:260,19,0,0
BRDA:260,19,1,0
BRDA:280,20,0,0
BRDA:280,20,1,0
BRDA:295,21,0,0
BRDA:295,21,1,0
BRDA:324,22,0,0
BRDA:324,22,1,0
BRDA:327,23,0,0
BRDA:327,23,1,0
BRDA:328,24,0,0
BRDA:328,24,1,0
BRDA:380,25,0,0
BRDA:380,25,1,0
BRDA:383,26,0,0
BRDA:383,26,1,0
BRDA:384,27,0,0
BRDA:384,27,1,0
BRDA:437,28,0,0
BRDA:437,28,1,0
BRDA:458,29,0,0
BRDA:458,29,1,0
BRDA:478,30,0,0
BRDA:478,30,1,0
BRDA:481,31,0,0
BRDA:481,31,1,0
BRDA:482,32,0,0
BRDA:482,32,1,0
BRDA:501,33,0,0
BRDA:501,33,1,0
BRDA:502,34,0,0
BRDA:502,34,1,0
BRDA:513,35,0,0
BRDA:513,35,1,0
BRDA:587,36,0,0
BRDA:587,36,1,0
BRDA:634,37,0,0
BRDA:634,37,1,0
BRF:78
BRH:0
end_of_record
TN:
SF:src/components/github-setup/index.ts
FNF:0
FNH:0
LF:0
LH:0
BRF:0
BRH:0
end_of_record
TN:
SF:src/components/github-view/branch-diff-file-list.tsx
FN:9,BranchDiffFileList
FN:22,(anonymous_1)
FN:36,(anonymous_2)
FN:40,(anonymous_3)
FNF:4
FNH:0
FNDA:0,BranchDiffFileList
FNDA:0,(anonymous_1)
FNDA:0,(anonymous_2)
FNDA:0,(anonymous_3)
DA:10,0
DA:11,0
DA:18,0
DA:20,0
DA:23,0
DA:37,0
DA:40,0
LF:7
LH:0
BRDA:10,0,0,0
BRDA:10,0,1,0
BRDA:51,1,0,0
BRDA:51,1,1,0
BRDA:52,2,0,0
BRDA:52,2,1,0
BRF:6
BRH:0
end_of_record
TN:
SF:src/components/github-view/compact-header.tsx
FN:17,CompactHeader
FN:66,IconButton
FN:97,(anonymous_2)
FN:104,(anonymous_3)
FNF:4
FNH:0
FNDA:0,CompactHeader
FNDA:0,IconButton
FNDA:0,(anonymous_2)
FNDA:0,(anonymous_3)
DA:29,0
DA:77,0
DA:98,0
DA:99,0
DA:100,0
DA:101,0
DA:105,0
DA:106,0
DA:107,0
DA:108,0
LF:10
LH:0
BRDA:41,0,0,0
BRDA:41,0,1,0
BRDA:92,1,0,0
BRDA:92,1,1,0
BRDA:93,2,0,0
BRDA:93,2,1,0
BRDA:98,3,0,0
BRDA:98,3,1,0
BRDA:105,4,0,0
BRDA:105,4,1,0
BRF:10
BRH:0
end_of_record
TN:
SF:src/components/github-view/git-identity-card.tsx
FN:11,GitIdentityCard
FN:18,(anonymous_1)
FN:23,(anonymous_2)
FN:42,(anonymous_3)
FN:54,(anonymous_4)
FN:59,(anonymous_5)
FN:65,(anonymous_6)
FN:68,(anonymous_7)
FN:83,IdentityRow
FNF:9
FNH:0
FNDA:0,GitIdentityCard
FNDA:0,(anonymous_1)
FNDA:0,(anonymous_2)
FNDA:0,(anonymous_3)
FNDA:0,(anonymous_4)
FNDA:0,(anonymous_5)
FNDA:0,(anonymous_6)
FNDA:0,(anonymous_7)
FNDA:0,IdentityRow
DA:12,0
DA:13,0
DA:14,0
DA:15,0
DA:16,0
DA:18,0
DA:19,0
DA:20,0
DA:23,0
DA:24,0
DA:25,0
DA:26,0
DA:27,0
DA:28,0
DA:30,0
DA:32,0
DA:36,0
DA:42,0
DA:54,0
DA:59,0
DA:65,0
DA:68,0
DA:84,0
LF:23
LH:0
BRDA:19,0,0,0
BRDA:19,0,1,0
BRDA:20,1,0,0
BRDA:20,1,1,0
BRDA:41,2,0,0
BRDA:41,2,1,0
BRDA:41,3,0,0
BRDA:41,3,1,0
BRDA:48,4,0,0
BRDA:48,4,1,0
BRDA:50,5,0,0
BRDA:50,5,1,0
BRDA:62,6,0,0
BRDA:62,6,1,0
BRDA:69,7,0,0
BRDA:69,7,1,0
BRDA:75,8,0,0
BRDA:75,8,1,0
BRDA:76,9,0,0
BRDA:76,9,1,0
BRF:20
BRH:0
end_of_record
TN:
SF:src/components/github-view/github-account-section.tsx
FN:19,GitHubAccountSection
FN:29,(anonymous_1)
FN:36,(anonymous_2)
FN:45,(anonymous_3)
FN:48,(anonymous_4)
FN:49,(anonymous_5)
FN:51,(anonymous_6)
FN:56,(anonymous_7)
FN:65,(anonymous_8)
FN:86,(anonymous_9)
FN:92,(anonymous_10)
FN:108,(anonymous_11)
FN:113,(anonymous_12)
FN:116,(anonymous_13)
FNF:14
FNH:0
FNDA:0,GitHubAccountSection
FNDA:0,(anonymous_1)
FNDA:0,(anonymous_2)
FNDA:0,(anonymous_3)
FNDA:0,(anonymous_4)
FNDA:0,(anonymous_5)
FNDA:0,(anonymous_6)
FNDA:0,(anonymous_7)
FNDA:0,(anonymous_8)
FNDA:0,(anonymous_9)
FNDA:0,(anonymous_10)
FNDA:0,(anonymous_11)
FNDA:0,(anonymous_12)
FNDA:0,(anonymous_13)
DA:20,0
DA:21,0
DA:22,0
DA:23,0
DA:24,0
DA:25,0
DA:26,0
DA:27,0
DA:29,0
DA:30,0
DA:31,0
DA:32,0
DA:36,0
DA:37,0
DA:41,0
DA:42,0
DA:45,0
DA:46,0
DA:47,0
DA:49,0
DA:51,0
DA:52,0
DA:56,0
DA:57,0
DA:58,0
DA:59,0
DA:61,0
DA:65,0
DA:66,0
DA:67,0
DA:68,0
DA:69,0
DA:71,0
DA:72,0
DA:73,0
DA:74,0
DA:75,0
DA:78,0
DA:79,0
DA:82,0
DA:83,0
DA:84,0
DA:85,0
DA:86,0
DA:87,0
DA:88,0
DA:89,0
DA:90,0
DA:91,0
DA:92,0
DA:95,0
DA:98,0
DA:100,0
DA:102,0
DA:103,0
DA:108,0
DA:109,0
DA:110,0
DA:111,0
DA:112,0
DA:113,0
DA:116,0
DA:117,0
DA:118,0
DA:119,0
DA:122,0
LF:66
LH:0
BRDA:30,0,0,0
BRDA:30,0,1,0
BRDA:73,1,0,0
BRDA:73,1,1,0
BRDA:74,2,0,0
BRDA:74,2,1,0
BRDA:78,3,0,0
BRDA:78,3,1,0
BRDA:82,4,0,0
BRDA:82,4,1,0
BRDA:88,5,0,0
BRDA:88,5,1,0
BRDA:102,6,0,0
BRDA:102,6,1,0
BRF:14
BRH:0
end_of_record
TN:
SF:src/components/github-view/github-action-bar.tsx
FN:9,GitHubActionBar
FN:38,ActionButton
FN:52,(anonymous_2)
FNF:3
FNH:2
FNDA:5,GitHubActionBar
FNDA:15,ActionButton
FNDA:0,(anonymous_2)
DA:16,5
DA:49,15
DA:52,0
LF:3
LH:2
BRDA:21,0,0,5
BRDA:21,0,1,0
BRDA:25,1,0,5
BRDA:25,1,1,0
BRDA:29,2,0,0
BRDA:29,2,1,5
BRDA:42,3,0,15
BRDA:54,4,0,5
BRDA:54,4,1,10
BRF:9
BRH:6
end_of_record
TN:
SF:src/components/github-view/github-auth-summary-card.tsx
FN:19,GitHubAuthSummaryCard
FN:50,(anonymous_1)
FN:65,(anonymous_2)
FN:69,(anonymous_3)
FN:73,(anonymous_4)
FNF:5
FNH:0
FNDA:0,GitHubAuthSummaryCard
FNDA:0,(anonymous_1)
FNDA:0,(anonymous_2)
FNDA:0,(anonymous_3)
FNDA:0,(anonymous_4)
DA:32,0
DA:33,0
DA:34,0
DA:35,0
DA:37,0
DA:50,0
DA:65,0
DA:69,0
DA:73,0
LF:9
LH:0
BRDA:33,0,0,0
BRDA:33,0,1,0
BRDA:34,1,0,0
BRDA:34,1,1,0
BRDA:35,2,0,0
BRDA:35,2,1,0
BRDA:35,2,2,0
BRDA:39,3,0,0
BRDA:39,3,1,0
BRDA:46,4,0,0
BRDA:46,4,1,0
BRDA:53,5,0,0
BRDA:53,5,1,0
BRDA:58,6,0,0
BRDA:58,6,1,0
BRDA:59,7,0,0
BRDA:59,7,1,0
BRDA:66,8,0,0
BRDA:66,8,1,0
BRDA:68,9,0,0
BRDA:68,9,1,0
BRDA:74,10,0,0
BRDA:74,10,1,0
BRDA:81,11,0,0
BRDA:81,11,1,0
BRDA:82,12,0,0
BRDA:82,12,1,0
BRDA:83,13,0,0
BRDA:83,13,1,0
BRDA:87,14,0,0
BRDA:87,14,1,0
BRDA:94,15,0,0
BRDA:94,15,1,0
BRF:33
BRH:0
end_of_record
TN:
SF:src/components/github-view/github-changes-tab.tsx
FN:24,GitHubChangesTab
FN:53,(anonymous_1)
FN:62,(anonymous_2)
FN:88,HeaderButton
FNF:4
FNH:2
FNDA:3,GitHubChangesTab
FNDA:0,(anonymous_1)
FNDA:0,(anonymous_2)
FNDA:6,HeaderButton
DA:39,3
DA:53,0
DA:62,0
DA:97,6
LF:4
LH:2
BRF:0
BRH:0
end_of_record
TN:
SF:src/components/github-view/github-collaboration-tab.tsx
FN:13,GitHubCollaborationTab
FNF:1
FNH:1
FNDA:1,GitHubCollaborationTab
DA:18,1
LF:1
LH:1
BRF:0
BRH:0
end_of_record
TN:
SF:src/components/github-view/github-history-tab.tsx
FN:22,GitHubHistoryTab
FN:64,(anonymous_1)
FN:64,(anonymous_2)
FN:74,(anonymous_3)
FNF:4
FNH:1
FNDA:1,GitHubHistoryTab
FNDA:0,(anonymous_1)
FNDA:0,(anonymous_2)
FNDA:0,(anonymous_3)
DA:34,1
DA:36,1
DA:64,0
DA:74,0
LF:4
LH:2
BRDA:66,0,0,0
BRDA:66,0,1,1
BRF:2
BRH:1
end_of_record
TN:
SF:src/components/github-view/github-panel-card.tsx
FN:10,GitHubPanelCard
FNF:1
FNH:1
FNDA:17,GitHubPanelCard
DA:18,17
LF:1
LH:1
BRDA:24,0,0,17
BRDA:24,0,1,12
BRDA:26,1,0,17
BRDA:26,1,1,17
BRF:4
BRH:4
end_of_record
TN:
SF:src/components/github-view/github-panel-summary.tsx
FN:24,GitHubPanelSummary
FN:69,deriveRepoName
FN:75,deriveRepoHint
FN:82,deriveRepoUrl
FNF:4
FNH:4
FNDA:5,GitHubPanelSummary
FNDA:5,deriveRepoName
FNDA:5,deriveRepoHint
FNDA:5,deriveRepoUrl
DA:41,5
DA:42,5
DA:43,5
DA:44,5
DA:46,5
DA:70,5
DA:71,5
DA:72,0
DA:76,5
DA:77,5
DA:79,0
DA:83,5
DA:84,5
DA:85,5
DA:86,5
DA:87,5
DA:88,0
LF:17
LH:14
BRDA:44,0,0,5
BRDA:44,0,1,0
BRDA:56,1,0,5
BRDA:56,1,1,0
BRDA:64,2,0,5
BRDA:64,2,1,0
BRDA:71,3,0,5
BRDA:71,3,1,0
BRDA:72,4,0,0
BRDA:72,4,1,0
BRDA:76,5,0,5
BRDA:76,5,1,0
BRDA:83,6,0,0
BRDA:83,6,1,5
BRDA:85,7,0,0
BRDA:85,7,1,5
BRDA:87,8,0,5
BRDA:87,8,1,0
BRF:18
BRH:8
end_of_record
TN:
SF:src/components/github-view/github-panel-tabs.tsx
FN:40,GitHubPanelTabs
FN:43,(anonymous_1)
FN:53,(anonymous_2)
FNF:3
FNH:3
FNDA:5,GitHubPanelTabs
FNDA:15,(anonymous_1)
FNDA:3,(anonymous_2)
DA:16,1
DA:41,5
DA:44,15
DA:53,3
LF:4
LH:4
BRDA:52,0,0,5
BRDA:52,0,1,10
BRF:2
BRH:2
end_of_record
TN:
SF:src/components/github-view/github-view.tsx
FN:30,GitHubPanelContent
FN:37,(anonymous_1)
FN:38,(anonymous_2)
FN:42,(anonymous_3)
FN:47,(anonymous_4)
FN:74,(anonymous_5)
FN:100,(anonymous_6)
FN:136,(anonymous_7)
FN:136,(anonymous_8)
FN:137,(anonymous_9)
FN:137,(anonymous_10)
FN:138,(anonymous_11)
FN:138,(anonymous_12)
FN:155,(anonymous_13)
FN:155,(anonymous_14)
FN:155,(anonymous_15)
FN:158,(anonymous_16)
FNF:17
FNH:3
FNDA:6,GitHubPanelContent
FNDA:12,(anonymous_1)
FNDA:12,(anonymous_2)
FNDA:0,(anonymous_3)
FNDA:0,(anonymous_4)
FNDA:0,(anonymous_5)
FNDA:0,(anonymous_6)
FNDA:0,(anonymous_7)
FNDA:0,(anonymous_8)
FNDA:0,(anonymous_9)
FNDA:0,(anonymous_10)
FNDA:0,(anonymous_11)
FNDA:0,(anonymous_12)
FNDA:0,(anonymous_13)
FNDA:0,(anonymous_14)
FNDA:0,(anonymous_15)
FNDA:0,(anonymous_16)
DA:31,6
DA:32,6
DA:33,6
DA:34,6
DA:35,6
DA:37,12
DA:38,12
DA:39,6
DA:40,6
DA:42,6
DA:43,0
DA:44,0
DA:47,6
DA:48,0
DA:49,0
DA:50,0
DA:61,0
DA:63,0
DA:64,0
DA:66,0
DA:74,6
DA:75,0
DA:76,0
DA:77,0
DA:87,0
DA:89,0
DA:90,0
DA:92,0
DA:100,6
DA:101,0
DA:102,0
DA:103,0
DA:105,0
DA:109,6
DA:110,1
DA:121,5
DA:136,0
DA:137,0
DA:138,0
DA:155,0
DA:159,0
DA:160,0
DA:161,0
DA:163,0
LF:44
LH:16
BRDA:39,0,0,6
BRDA:39,0,1,0
BRDA:40,1,0,6
BRDA:40,1,1,0
BRDA:48,2,0,0
BRDA:48,2,1,0
BRDA:58,3,0,0
BRDA:58,3,1,0
BRDA:63,4,0,0
BRDA:63,4,1,0
BRDA:63,5,0,0
BRDA:63,5,1,0
BRDA:64,6,0,0
BRDA:64,6,1,0
BRDA:68,7,0,0
BRDA:68,7,1,0
BRDA:68,8,0,0
BRDA:68,8,1,0
BRDA:70,9,0,0
BRDA:70,9,1,0
BRDA:70,10,0,0
BRDA:70,10,1,0
BRDA:75,11,0,0
BRDA:75,11,1,0
BRDA:90,12,0,0
BRDA:90,12,1,0
BRDA:94,13,0,0
BRDA:94,13,1,0
BRDA:94,14,0,0
BRDA:94,14,1,0
BRDA:96,15,0,0
BRDA:96,15,1,0
BRDA:96,16,0,0
BRDA:96,16,1,0
BRDA:109,17,0,1
BRDA:109,17,1,5
BRDA:144,18,0,5
BRDA:144,18,1,3
BRDA:148,19,0,3
BRDA:148,19,1,0
BRDA:160,20,0,0
BRDA:160,20,1,0
BRDA:168,21,0,6
BRDA:168,21,1,1
BRDA:171,22,0,1
BRDA:171,22,1,0
BRDA:183,23,0,6
BRDA:183,23,1,1
BRDA:187,24,0,1
BRDA:187,24,1,0
BRDA:195,25,0,6
BRDA:195,25,1,5
BRDA:200,26,0,6
BRDA:200,26,1,5
BRDA:201,27,0,6
BRDA:201,27,1,5
BRF:56
BRH:19
end_of_record
TN:
SF:src/components/github-view/index.ts
FNF:0
FNH:0
LF:0
LH:0
BRF:0
BRH:0
end_of_record
TN:
SF:src/components/github-view/issues-tab.tsx
FN:10,formatRelativeTime
FN:24,IssuesTab
FN:30,(anonymous_2)
FN:44,(anonymous_3)
FN:54,(anonymous_4)
FN:74,(anonymous_5)
FN:77,(anonymous_6)
FN:109,(anonymous_7)
FN:134,(anonymous_8)
FNF:9
FNH:0
FNDA:0,formatRelativeTime
FNDA:0,IssuesTab
FNDA:0,(anonymous_2)
FNDA:0,(anonymous_3)
FNDA:0,(anonymous_4)
FNDA:0,(anonymous_5)
FNDA:0,(anonymous_6)
FNDA:0,(anonymous_7)
FNDA:0,(anonymous_8)
DA:11,0
DA:12,0
DA:13,0
DA:14,0
DA:15,0
DA:16,0
DA:18,0
DA:19,0
DA:20,0
DA:21,0
DA:25,0
DA:26,0
DA:27,0
DA:28,0
DA:30,0
DA:31,0
DA:32,0
DA:33,0
DA:34,0
DA:35,0
DA:36,0
DA:38,0
DA:40,0
DA:44,0
DA:45,0
DA:48,0
DA:54,0
DA:75,0
DA:78,0
DA:110,0
DA:135,0
LF:31
LH:0
BRDA:18,0,0,0
BRDA:18,0,1,0
BRDA:19,1,0,0
BRDA:19,1,1,0
BRDA:20,2,0,0
BRDA:20,2,1,0
BRDA:31,3,0,0
BRDA:31,3,1,0
BRDA:36,4,0,0
BRDA:36,4,1,0
BRDA:70,5,0,0
BRDA:70,5,1,0
BRDA:71,6,0,0
BRDA:71,6,1,0
BRDA:75,7,0,0
BRDA:75,7,1,0
BRDA:78,8,0,0
BRDA:78,8,1,0
BRDA:82,9,0,0
BRDA:82,9,1,0
BRDA:87,10,0,0
BRDA:87,10,1,0
BRDA:94,11,0,0
BRDA:94,11,1,0
BRDA:94,11,2,0
BRDA:101,12,0,0
BRDA:101,12,1,0
BRDA:101,12,2,0
BRDA:101,12,3,0
BRDA:116,13,0,0
BRDA:116,13,1,0
BRDA:128,14,0,0
BRDA:128,14,1,0
BRDA:132,15,0,0
BRDA:132,15,1,0
BRDA:132,15,2,0
BRF:36
BRH:0
end_of_record
TN:
SF:src/components/github-view/prs-tab.tsx
FN:10,formatRelativeTime
FN:25,getMergeIcon
FN:32,PRsTab
FN:38,(anonymous_3)
FN:52,(anonymous_4)
FN:62,(anonymous_5)
FN:83,(anonymous_6)
FN:86,(anonymous_7)
FN:118,(anonymous_8)
FNF:9
FNH:0
FNDA:0,formatRelativeTime
FNDA:0,getMergeIcon
FNDA:0,PRsTab
FNDA:0,(anonymous_3)
FNDA:0,(anonymous_4)
FNDA:0,(anonymous_5)
FNDA:0,(anonymous_6)
FNDA:0,(anonymous_7)
FNDA:0,(anonymous_8)
DA:11,0
DA:12,0
DA:13,0
DA:14,0
DA:15,0
DA:16,0
DA:18,0
DA:19,0
DA:20,0
DA:21,0
DA:26,0
DA:27,0
DA:28,0
DA:29,0
DA:33,0
DA:34,0
DA:35,0
DA:36,0
DA:38,0
DA:39,0
DA:40,0
DA:41,0
DA:42,0
DA:43,0
DA:44,0
DA:46,0
DA:48,0
DA:52,0
DA:53,0
DA:56,0
DA:62,0
DA:84,0
DA:87,0
DA:119,0
DA:120,0
LF:35
LH:0
BRDA:18,0,0,0
BRDA:18,0,1,0
BRDA:19,1,0,0
BRDA:19,1,1,0
BRDA:20,2,0,0
BRDA:20,2,1,0
BRDA:26,3,0,0
BRDA:26,3,1,0
BRDA:27,4,0,0
BRDA:27,4,1,0
BRDA:28,5,0,0
BRDA:28,5,1,0
BRDA:39,6,0,0
BRDA:39,6,1,0
BRDA:44,7,0,0
BRDA:44,7,1,0
BRDA:79,8,0,0
BRDA:79,8,1,0
BRDA:80,9,0,0
BRDA:80,9,1,0
BRDA:84,10,0,0
BRDA:84,10,1,0
BRDA:87,11,0,0
BRDA:87,11,1,0
BRDA:91,12,0,0
BRDA:91,12,1,0
BRDA:96,13,0,0
BRDA:96,13,1,0
BRDA:103,14,0,0
BRDA:103,14,1,0
BRDA:103,14,2,0
BRDA:110,15,0,0
BRDA:110,15,1,0
BRDA:110,15,2,0
BRDA:110,15,3,0
BRDA:127,16,0,0
BRDA:127,16,1,0
BRDA:129,17,0,0
BRDA:129,17,1,0
BRDA:141,18,0,0
BRDA:141,18,1,0
BRDA:146,19,0,0
BRDA:146,19,1,0
BRDA:147,20,0,0
BRDA:147,20,1,0
BRF:45
BRH:0
end_of_record
TN:
SF:src/components/github-view/repo-info-header.tsx
FN:22,RepoInfoHeader
FN:48,(anonymous_1)
FN:81,SummaryPill
FNF:3
FNH:2
FNDA:5,RepoInfoHeader
FNDA:0,(anonymous_1)
FNDA:30,SummaryPill
DA:38,5
DA:48,0
DA:88,30
LF:3
LH:2
BRDA:44,0,0,5
BRDA:44,0,1,5
BRDA:70,1,0,0
BRDA:70,1,1,5
BRDA:70,2,0,5
BRDA:70,2,1,0
BRDA:71,3,0,5
BRDA:71,3,1,0
BRDA:72,4,0,5
BRDA:72,4,1,0
BRDA:73,5,0,5
BRDA:73,5,1,5
BRDA:73,6,0,5
BRDA:73,6,1,0
BRDA:74,7,0,5
BRDA:74,7,1,5
BRDA:74,8,0,0
BRDA:74,8,1,5
BRDA:75,9,0,5
BRDA:75,9,1,0
BRDA:75,10,0,5
BRDA:75,10,1,0
BRF:22
BRH:14
end_of_record
TN:
SF:src/components/settings/discord-config-modal.tsx
FN:12,DiscordConfigModal
FN:25,(anonymous_1)
FN:40,(anonymous_2)
FN:48,(anonymous_3)
FN:79,(anonymous_4)
FNF:5
FNH:0
FNDA:0,DiscordConfigModal
FNDA:0,(anonymous_1)
FNDA:0,(anonymous_2)
FNDA:0,(anonymous_3)
FNDA:0,(anonymous_4)
DA:19,0
DA:20,0
DA:21,0
DA:23,0
DA:25,0
DA:26,0
DA:27,0
DA:28,0
DA:30,0
DA:31,0
DA:32,0
DA:34,0
DA:36,0
DA:40,0
DA:41,0
DA:42,0
DA:43,0
DA:44,0
DA:45,0
DA:48,0
DA:49,0
DA:50,0
DA:51,0
DA:52,0
DA:55,0
DA:79,0
LF:26
LH:0
BRDA:23,0,0,0
BRDA:23,0,1,0
BRDA:26,1,0,0
BRDA:26,1,1,0
BRDA:41,2,0,0
BRDA:41,2,1,0
BRDA:95,3,0,0
BRDA:95,3,1,0
BRDA:96,4,0,0
BRDA:96,4,1,0
BRDA:97,5,0,0
BRDA:97,5,1,0
BRDA:104,6,0,0
BRDA:104,6,1,0
BRDA:115,7,0,0
BRDA:115,7,1,0
BRDA:119,8,0,0
BRDA:119,8,1,0
BRF:18
BRH:0
end_of_record
TN:
SF:src/components/settings/index.ts
FNF:0
FNH:0
LF:0
LH:0
BRF:0
BRH:0
end_of_record
TN:
SF:src/components/settings/notification-settings.tsx
FN:11,NotificationSettings
FN:16,(anonymous_1)
FN:20,(anonymous_2)
FN:25,(anonymous_3)
FN:30,(anonymous_4)
FN:35,(anonymous_5)
FN:52,(anonymous_6)
FN:58,(anonymous_7)
FN:64,(anonymous_8)
FN:77,(anonymous_9)
FN:89,(anonymous_10)
FN:95,(anonymous_11)
FN:101,(anonymous_12)
FN:108,(anonymous_13)
FN:111,(anonymous_14)
FN:141,(anonymous_15)
FN:145,(anonymous_16)
FN:165,(anonymous_17)
FN:189,(anonymous_18)
FN:193,(anonymous_19)
FN:204,(anonymous_20)
FN:211,(anonymous_21)
FN:220,ToggleRow
FN:244,TelegramIcon
FN:252,DiscordIcon
FN:260,RemoteControlBadge
FNF:26
FNH:0
FNDA:0,NotificationSettings
FNDA:0,(anonymous_1)
FNDA:0,(anonymous_2)
FNDA:0,(anonymous_3)
FNDA:0,(anonymous_4)
FNDA:0,(anonymous_5)
FNDA:0,(anonymous_6)
FNDA:0,(anonymous_7)
FNDA:0,(anonymous_8)
FNDA:0,(anonymous_9)
FNDA:0,(anonymous_10)
FNDA:0,(anonymous_11)
FNDA:0,(anonymous_12)
FNDA:0,(anonymous_13)
FNDA:0,(anonymous_14)
FNDA:0,(anonymous_15)
FNDA:0,(anonymous_16)
FNDA:0,(anonymous_17)
FNDA:0,(anonymous_18)
FNDA:0,(anonymous_19)
FNDA:0,(anonymous_20)
FNDA:0,(anonymous_21)
FNDA:0,ToggleRow
FNDA:0,TelegramIcon
FNDA:0,DiscordIcon
FNDA:0,RemoteControlBadge
DA:12,0
DA:13,0
DA:14,0
DA:16,0
DA:17,0
DA:20,0
DA:21,0
DA:22,0
DA:25,0
DA:26,0
DA:27,0
DA:30,0
DA:31,0
DA:32,0
DA:35,0
DA:36,0
DA:37,0
DA:40,0
DA:52,0
DA:58,0
DA:64,0
DA:77,0
DA:89,0
DA:95,0
DA:101,0
DA:108,0
DA:112,0
DA:141,0
DA:145,0
DA:165,0
DA:189,0
DA:193,0
DA:204,0
DA:211,0
DA:231,0
DA:245,0
DA:253,0
DA:261,0
DA:263,0
DA:269,0
DA:271,0
LF:41
LH:0
BRDA:103,0,0,0
BRDA:103,0,1,0
BRDA:131,1,0,0
BRDA:131,1,1,0
BRDA:154,2,0,0
BRDA:154,2,1,0
BRDA:154,2,2,0
BRDA:179,3,0,0
BRDA:179,3,1,0
BRDA:235,4,0,0
BRDA:235,4,1,0
BRDA:261,5,0,0
BRDA:261,5,1,0
BRDA:269,6,0,0
BRDA:269,6,1,0
BRF:15
BRH:0
end_of_record
TN:
SF:src/components/settings/settings-modal.tsx
FN:10,SettingsModal
FN:13,(anonymous_1)
FN:19,(anonymous_2)
FN:20,(anonymous_3)
FN:24,(anonymous_4)
FN:70,SettingsIcon
FN:80,CloseIcon
FNF:7
FNH:0
FNDA:0,SettingsModal
FNDA:0,(anonymous_1)
FNDA:0,(anonymous_2)
FNDA:0,(anonymous_3)
FNDA:0,(anonymous_4)
FNDA:0,SettingsIcon
FNDA:0,CloseIcon
DA:11,0
DA:13,0
DA:14,0
DA:15,0
DA:19,0
DA:20,0
DA:21,0
DA:23,0
DA:24,0
DA:27,0
DA:29,0
DA:71,0
DA:81,0
LF:13
LH:0
BRDA:21,0,0,0
BRDA:21,0,1,0
BRDA:23,1,0,0
BRDA:23,1,1,0
BRDA:27,2,0,0
BRDA:27,2,1,0
BRF:6
BRH:0
end_of_record
TN:
SF:src/components/settings/settings-panel-content.tsx
FN:14,SettingsPanelContent
FN:19,(anonymous_1)
FN:24,(anonymous_2)
FNF:3
FNH:0
FNDA:0,SettingsPanelContent
FNDA:0,(anonymous_1)
FNDA:0,(anonymous_2)
DA:15,0
DA:16,0
DA:17,0
DA:19,0
DA:20,0
DA:21,0
DA:24,0
DA:25,0
DA:26,0
DA:27,0
DA:28,0
DA:30,0
DA:32,0
DA:36,0
LF:14
LH:0
BRDA:41,0,0,0
BRDA:41,0,1,0
BRDA:42,1,0,0
BRDA:42,1,1,0
BRDA:43,2,0,0
BRDA:43,2,1,0
BRDA:44,3,0,0
BRDA:44,3,1,0
BRDA:61,4,0,0
BRDA:61,4,1,0
BRDA:64,5,0,0
BRDA:64,5,1,0
BRF:12
BRH:0
end_of_record
TN:
SF:src/components/settings/settings-panel.tsx
FN:14,SettingsPanel
FN:37,(anonymous_1)
FN:43,(anonymous_2)
FN:49,(anonymous_3)
FN:55,(anonymous_4)
FN:73,TabButton
FNF:6
FNH:0
FNDA:0,SettingsPanel
FNDA:0,(anonymous_1)
FNDA:0,(anonymous_2)
FNDA:0,(anonymous_3)
FNDA:0,(anonymous_4)
FNDA:0,TabButton
DA:15,0
DA:16,0
DA:17,0
DA:19,0
DA:37,0
DA:43,0
DA:49,0
DA:55,0
DA:84,0
LF:9
LH:0
BRDA:17,0,0,0
BRDA:17,0,1,0
BRDA:64,1,0,0
BRDA:64,1,1,0
BRDA:65,2,0,0
BRDA:65,2,1,0
BRDA:66,3,0,0
BRDA:66,3,1,0
BRDA:67,4,0,0
BRDA:67,4,1,0
BRDA:89,5,0,0
BRDA:89,5,1,0
BRDA:96,6,0,0
BRDA:96,6,1,0
BRDA:96,6,2,0
BRF:15
BRH:0
end_of_record
TN:
SF:src/components/settings/settings-sidebar.tsx
FN:37,SettingsSidebar
FN:52,(anonymous_1)
FN:58,(anonymous_2)
FN:99,PaletteIcon
FN:107,TerminalIcon
FN:115,BellIcon
FN:123,UpdateIcon
FNF:7
FNH:0
FNDA:0,SettingsSidebar
FNDA:0,(anonymous_1)
FNDA:0,(anonymous_2)
FNDA:0,PaletteIcon
FNDA:0,TerminalIcon
FNDA:0,BellIcon
FNDA:0,UpdateIcon
DA:10,0
DA:38,0
DA:39,0
DA:41,0
DA:53,0
DA:54,0
DA:58,0
DA:100,0
DA:108,0
DA:116,0
DA:124,0
LF:11
LH:0
BRDA:39,0,0,0
BRDA:39,0,1,0
BRDA:62,1,0,0
BRDA:62,1,1,0
BRDA:64,2,0,0
BRDA:64,2,1,0
BRDA:73,3,0,0
BRDA:73,3,1,0
BRDA:82,4,0,0
BRDA:82,4,1,0
BRDA:87,5,0,0
BRDA:87,5,1,0
BRDA:87,5,2,0
BRDA:87,5,3,0
BRF:14
BRH:0
end_of_record
TN:
SF:src/components/settings/settings-typography.tsx
FN:9,SettingsTitle
FN:21,SettingsSubheading
FNF:2
FNH:0
FNDA:0,SettingsTitle
FNDA:0,SettingsSubheading
DA:10,0
DA:22,0
LF:2
LH:0
BRDA:13,0,0,0
BRDA:13,0,1,0
BRF:2
BRH:0
end_of_record
TN:
SF:src/components/settings/telegram-config-modal.tsx
FN:12,TelegramConfigModal
FN:26,(anonymous_1)
FN:41,(anonymous_2)
FN:50,(anonymous_3)
FN:82,(anonymous_4)
FN:94,(anonymous_5)
FNF:6
FNH:0
FNDA:0,TelegramConfigModal
FNDA:0,(anonymous_1)
FNDA:0,(anonymous_2)
FNDA:0,(anonymous_3)
FNDA:0,(anonymous_4)
FNDA:0,(anonymous_5)
DA:19,0
DA:20,0
DA:21,0
DA:22,0
DA:24,0
DA:26,0
DA:27,0
DA:28,0
DA:29,0
DA:31,0
DA:32,0
DA:33,0
DA:35,0
DA:37,0
DA:41,0
DA:42,0
DA:43,0
DA:44,0
DA:45,0
DA:46,0
DA:47,0
DA:50,0
DA:51,0
DA:52,0
DA:53,0
DA:54,0
DA:55,0
DA:58,0
DA:82,0
DA:94,0
LF:30
LH:0
BRDA:24,0,0,0
BRDA:24,0,1,0
BRDA:27,1,0,0
BRDA:27,1,1,0
BRDA:27,2,0,0
BRDA:27,2,1,0
BRDA:42,3,0,0
BRDA:42,3,1,0
BRDA:42,4,0,0
BRDA:42,4,1,0
BRDA:110,5,0,0
BRDA:110,5,1,0
BRDA:111,6,0,0
BRDA:111,6,1,0
BRDA:112,7,0,0
BRDA:112,7,1,0
BRDA:119,8,0,0
BRDA:119,8,1,0
BRDA:130,9,0,0
BRDA:130,9,1,0
BRDA:130,9,2,0
BRDA:134,10,0,0
BRDA:134,10,1,0
BRDA:138,11,0,0
BRDA:138,11,1,0
BRF:25
BRH:0
end_of_record
TN:
SF:src/components/settings/terminal-settings.tsx
FN:30,TerminalSettings
FN:39,(anonymous_1)
FN:43,(anonymous_2)
FN:64,(anonymous_3)
FN:70,(anonymous_4)
FN:78,(anonymous_5)
FN:89,(anonymous_6)
FN:96,(anonymous_7)
FN:134,(anonymous_8)
FN:139,(anonymous_9)
FN:162,(anonymous_10)
FN:181,(anonymous_11)
FN:187,(anonymous_12)
FN:217,(anonymous_13)
FN:222,(anonymous_14)
FNF:15
FNH:0
FNDA:0,TerminalSettings
FNDA:0,(anonymous_1)
FNDA:0,(anonymous_2)
FNDA:0,(anonymous_3)
FNDA:0,(anonymous_4)
FNDA:0,(anonymous_5)
FNDA:0,(anonymous_6)
FNDA:0,(anonymous_7)
FNDA:0,(anonymous_8)
FNDA:0,(anonymous_9)
FNDA:0,(anonymous_10)
FNDA:0,(anonymous_11)
FNDA:0,(anonymous_12)
FNDA:0,(anonymous_13)
FNDA:0,(anonymous_14)
DA:9,0
DA:17,0
DA:24,0
DA:31,0
DA:32,0
DA:33,0
DA:36,0
DA:37,0
DA:39,0
DA:40,0
DA:43,0
DA:44,0
DA:45,0
DA:46,0
DA:47,0
DA:48,0
DA:49,0
DA:51,0
DA:52,0
DA:54,0
DA:59,0
DA:64,0
DA:65,0
DA:66,0
DA:70,0
DA:71,0
DA:72,0
DA:74,0
DA:78,0
DA:79,0
DA:80,0
DA:81,0
DA:82,0
DA:83,0
DA:89,0
DA:90,0
DA:95,0
DA:96,0
DA:97,0
DA:104,0
DA:108,0
DA:110,0
DA:112,0
DA:135,0
DA:136,0
DA:139,0
DA:162,0
DA:182,0
DA:183,0
DA:184,0
DA:187,0
DA:218,0
DA:219,0
DA:222,0
LF:54
LH:0
BRDA:45,0,0,0
BRDA:45,0,1,0
BRDA:60,1,0,0
BRDA:60,1,1,0
BRDA:60,2,0,0
BRDA:60,2,1,0
BRDA:65,3,0,0
BRDA:65,3,1,0
BRDA:65,4,0,0
BRDA:65,4,1,0
BRDA:71,5,0,0
BRDA:71,5,1,0
BRDA:80,6,0,0
BRDA:80,6,1,0
BRDA:80,7,0,0
BRDA:80,7,1,0
BRDA:80,7,2,0
BRDA:82,8,0,0
BRDA:82,8,1,0
BRDA:95,9,0,0
BRDA:95,9,1,0
BRDA:99,10,0,0
BRDA:99,10,1,0
BRDA:110,11,0,0
BRDA:110,11,1,0
BRDA:129,12,0,0
BRDA:129,12,1,0
BRDA:143,13,0,0
BRDA:143,13,1,0
BRDA:154,14,0,0
BRDA:154,14,1,0
BRDA:174,15,0,0
BRDA:174,15,1,0
BRDA:191,16,0,0
BRDA:191,16,1,0
BRDA:226,17,0,0
BRDA:226,17,1,0
BRDA:231,18,0,0
BRDA:231,18,1,0
BRDA:254,19,0,0
BRDA:254,19,1,0
BRDA:256,20,0,0
BRDA:256,20,1,0
BRDA:258,21,0,0
BRDA:258,21,1,0
BRDA:262,22,0,0
BRDA:262,22,1,0
BRDA:264,23,0,0
BRDA:264,23,1,0
BRDA:265,24,0,0
BRDA:265,24,1,0
BRDA:266,25,0,0
BRDA:266,25,1,0
BRDA:275,26,0,0
BRDA:275,26,1,0
BRDA:278,27,0,0
BRDA:278,27,1,0
BRDA:278,28,0,0
BRDA:278,28,1,0
BRDA:282,29,0,0
BRDA:282,29,1,0
BRDA:282,29,2,0
BRF:62
BRH:0
end_of_record
TN:
SF:src/components/settings/terminal-style-options.tsx
FN:11,TerminalStyleOptions
FN:25,(anonymous_1)
FN:30,(anonymous_2)
FN:45,(anonymous_3)
FN:48,(anonymous_4)
FN:68,(anonymous_5)
FN:75,(anonymous_6)
FN:84,ColorPresetCard
FN:126,BorderStyleCard
FNF:9
FNH:0
FNDA:0,TerminalStyleOptions
FNDA:0,(anonymous_1)
FNDA:0,(anonymous_2)
FNDA:0,(anonymous_3)
FNDA:0,(anonymous_4)
FNDA:0,(anonymous_5)
FNDA:0,(anonymous_6)
FNDA:0,ColorPresetCard
FNDA:0,BorderStyleCard
DA:12,0
DA:13,0
DA:19,0
DA:26,0
DA:30,0
DA:45,0
DA:49,0
DA:68,0
DA:75,0
DA:93,0
DA:139,0
LF:11
LH:0
BRDA:13,0,0,0
BRDA:13,0,1,0
BRDA:101,1,0,0
BRDA:101,1,1,0
BRDA:119,2,0,0
BRDA:119,2,1,0
BRDA:147,3,0,0
BRDA:147,3,1,0
BRDA:155,4,0,0
BRDA:155,4,1,0
BRF:10
BRH:0
end_of_record
TN:
SF:src/components/settings/theme-selector.tsx
FN:7,ThemeSelector
FN:21,(anonymous_1)
FN:26,(anonymous_2)
FN:44,(anonymous_3)
FN:71,(anonymous_4)
FN:74,(anonymous_5)
FN:80,(anonymous_6)
FN:94,(anonymous_7)
FN:97,(anonymous_8)
FNF:9
FNH:0
FNDA:0,ThemeSelector
FNDA:0,(anonymous_1)
FNDA:0,(anonymous_2)
FNDA:0,(anonymous_3)
FNDA:0,(anonymous_4)
FNDA:0,(anonymous_5)
FNDA:0,(anonymous_6)
FNDA:0,(anonymous_7)
FNDA:0,(anonymous_8)
DA:8,0
DA:10,0
DA:22,0
DA:23,0
DA:26,0
DA:45,0
DA:71,0
DA:75,0
DA:80,0
DA:94,0
DA:98,0
LF:11
LH:0
BRDA:34,0,0,0
BRDA:34,0,1,0
BRDA:39,1,0,0
BRDA:39,1,1,0
BRDA:54,2,0,0
BRDA:54,2,1,0
BRDA:70,3,0,0
BRDA:70,3,1,0
BRDA:80,4,0,0
BRDA:80,4,1,0
BRDA:93,5,0,0
BRDA:93,5,1,0
BRDA:103,6,0,0
BRDA:103,6,1,0
BRF:14
BRH:0
end_of_record
TN:
SF:src/components/settings/toggle-switch.tsx
FN:7,ToggleSwitch
FN:15,(anonymous_1)
FNF:2
FNH:0
FNDA:0,ToggleSwitch
FNDA:0,(anonymous_1)
DA:12,0
DA:15,0
LF:2
LH:0
BRDA:10,0,0,0
BRDA:15,1,0,0
BRDA:15,1,1,0
BRDA:19,2,0,0
BRDA:19,2,1,0
BRDA:23,3,0,0
BRDA:23,3,1,0
BRDA:33,4,0,0
BRDA:33,4,1,0
BRF:9
BRH:0
end_of_record
TN:
SF:src/components/settings/update-settings.tsx
FN:7,UpdateSettings
FN:11,(anonymous_1)
FN:168,ExternalLinkIcon
FN:177,DownloadIcon
FN:186,InstallIcon
FN:195,CheckIcon
FN:203,RefreshIcon
FNF:7
FNH:0
FNDA:0,UpdateSettings
FNDA:0,(anonymous_1)
FNDA:0,ExternalLinkIcon
FNDA:0,DownloadIcon
FNDA:0,InstallIcon
FNDA:0,CheckIcon
FNDA:0,RefreshIcon
DA:5,0
DA:8,0
DA:9,0
DA:11,0
DA:12,0
DA:15,0
DA:16,0
DA:17,0
DA:21,0
DA:169,0
DA:178,0
DA:187,0
DA:196,0
DA:204,0
LF:14
LH:0
BRDA:15,0,0,0
BRDA:15,0,1,0
BRDA:15,0,2,0
BRDA:17,1,0,0
BRDA:17,1,1,0
BRDA:30,2,0,0
BRDA:30,2,1,0
BRDA:30,3,0,0
BRDA:30,3,1,0
BRDA:37,4,0,0
BRDA:37,4,1,0
BRDA:42,5,0,0
BRDA:42,5,1,0
BRDA:42,5,2,0
BRDA:45,6,0,0
BRDA:45,6,1,0
BRDA:60,7,0,0
BRDA:60,7,1,0
BRDA:60,7,2,0
BRDA:75,8,0,0
BRDA:75,8,1,0
BRDA:82,9,0,0
BRDA:82,9,1,0
BRDA:97,10,0,0
BRDA:97,10,1,0
BRDA:97,10,2,0
BRDA:104,11,0,0
BRDA:104,11,1,0
BRDA:104,11,2,0
BRDA:116,12,0,0
BRDA:116,12,1,0
BRDA:127,13,0,0
BRDA:127,13,1,0
BRDA:134,14,0,0
BRDA:134,14,1,0
BRDA:143,15,0,0
BRDA:143,15,1,0
BRDA:146,16,0,0
BRDA:146,16,1,0
BRDA:146,17,0,0
BRDA:146,17,1,0
BRDA:153,18,0,0
BRDA:153,18,1,0
BRDA:156,19,0,0
BRDA:156,19,1,0
BRDA:203,20,0,0
BRDA:206,21,0,0
BRDA:206,21,1,0
BRF:48
BRH:0
end_of_record
TN:
SF:src/components/slide-panel/index.ts
FNF:0
FNH:0
LF:0
LH:0
BRF:0
BRH:0
end_of_record
TN:
SF:src/components/slide-panel/slide-panel.tsx
FN:17,SlidePanel
FN:29,(anonymous_1)
FN:32,(anonymous_2)
FN:33,(anonymous_3)
FN:35,(anonymous_4)
FN:39,(anonymous_5)
FN:41,(anonymous_6)
FN:45,(anonymous_7)
FNF:8
FNH:6
FNDA:1,SlidePanel
FNDA:1,(anonymous_1)
FNDA:1,(anonymous_2)
FNDA:0,(anonymous_3)
FNDA:1,(anonymous_4)
FNDA:1,(anonymous_5)
FNDA:0,(anonymous_6)
FNDA:1,(anonymous_7)
DA:28,1
DA:29,1
DA:32,1
DA:33,1
DA:34,1
DA:35,1
DA:39,1
DA:40,1
DA:41,1
DA:42,0
DA:44,1
DA:45,1
DA:48,1
DA:49,1
DA:51,1
LF:15
LH:14
BRDA:24,0,0,1
BRDA:29,1,0,1
BRDA:29,1,1,1
BRDA:40,2,0,0
BRDA:40,2,1,1
BRDA:42,3,0,0
BRDA:42,3,1,0
BRDA:48,4,0,0
BRDA:48,4,1,1
BRDA:49,5,0,1
BRDA:49,5,1,0
BRDA:55,6,0,1
BRDA:55,6,1,0
BRDA:65,7,0,1
BRDA:65,7,1,0
BRDA:67,8,0,1
BRDA:67,8,1,0
BRF:17
BRH:9
end_of_record
TN:
SF:src/components/terminal/image-preview-popup.tsx
FN:11,ImagePreviewPopup2
FN:21,(anonymous_1)
FN:29,(anonymous_2)
FN:36,(anonymous_3)
FN:37,(anonymous_4)
FN:40,(anonymous_5)
FN:46,(anonymous_6)
FNF:7
FNH:0
FNDA:0,ImagePreviewPopup2
FNDA:0,(anonymous_1)
FNDA:0,(anonymous_2)
FNDA:0,(anonymous_3)
FNDA:0,(anonymous_4)
FNDA:0,(anonymous_5)
FNDA:0,(anonymous_6)
DA:11,0
DA:17,0
DA:18,0
DA:21,0
DA:22,0
DA:23,0
DA:24,0
DA:27,0
DA:28,0
DA:30,0
DA:31,0
DA:33,0
DA:36,0
DA:37,0
DA:40,0
DA:41,0
DA:42,0
DA:46,0
DA:47,0
DA:48,0
DA:52,0
DA:54,0
LF:22
LH:0
BRDA:22,0,0,0
BRDA:22,0,1,0
BRDA:30,1,0,0
BRDA:30,1,1,0
BRDA:41,2,0,0
BRDA:41,2,1,0
BRDA:47,3,0,0
BRDA:47,3,1,0
BRDA:52,4,0,0
BRDA:52,4,1,0
BRDA:52,5,0,0
BRDA:52,5,1,0
BRDA:74,6,0,0
BRDA:74,6,1,0
BRDA:78,7,0,0
BRDA:78,7,1,0
BRF:16
BRH:0
end_of_record
TN:
SF:src/components/terminal/index.ts
FNF:0
FNH:0
LF:0
LH:0
BRF:0
BRH:0
end_of_record
TN:
SF:src/components/terminal/latency-harness.tsx
FN:16,percentile
FN:22,computeStats
FN:24,(anonymous_2)
FN:36,LatencyHarness
FN:45,(anonymous_4)
FN:61,(anonymous_5)
FN:66,(anonymous_6)
FN:81,(anonymous_7)
FN:85,(anonymous_8)
FN:91,(anonymous_9)
FN:98,(anonymous_10)
FN:102,(anonymous_11)
FN:112,runLatencyTest
FN:122,(anonymous_13)
FN:125,(anonymous_14)
FN:129,(anonymous_15)
FN:161,(anonymous_16)
FNF:17
FNH:0
FNDA:0,percentile
FNDA:0,computeStats
FNDA:0,(anonymous_2)
FNDA:0,LatencyHarness
FNDA:0,(anonymous_4)
FNDA:0,(anonymous_5)
FNDA:0,(anonymous_6)
FNDA:0,(anonymous_7)
FNDA:0,(anonymous_8)
FNDA:0,(anonymous_9)
FNDA:0,(anonymous_10)
FNDA:0,(anonymous_11)
FNDA:0,runLatencyTest
FNDA:0,(anonymous_13)
FNDA:0,(anonymous_14)
FNDA:0,(anonymous_15)
FNDA:0,(anonymous_16)
DA:17,0
DA:18,0
DA:19,0
DA:23,0
DA:24,0
DA:25,0
DA:34,0
DA:37,0
DA:38,0
DA:39,0
DA:40,0
DA:41,0
DA:43,0
DA:45,0
DA:46,0
DA:47,0
DA:49,0
DA:55,0
DA:56,0
DA:57,0
DA:58,0
DA:59,0
DA:61,0
DA:63,0
DA:64,0
DA:66,0
DA:67,0
DA:69,0
DA:70,0
DA:71,0
DA:72,0
DA:73,0
DA:74,0
DA:75,0
DA:76,0
DA:81,0
DA:82,0
DA:85,0
DA:86,0
DA:87,0
DA:89,0
DA:91,0
DA:92,0
DA:93,0
DA:96,0
DA:99,0
DA:102,0
DA:103,0
DA:104,0
DA:105,0
DA:106,0
DA:107,0
DA:108,0
DA:113,0
DA:114,0
DA:115,0
DA:116,0
DA:117,0
DA:119,0
DA:120,0
DA:122,0
DA:123,0
DA:125,0
DA:129,0
DA:131,0
DA:132,0
DA:133,0
DA:135,0
DA:136,0
DA:137,0
DA:140,0
DA:141,0
DA:149,0
DA:161,0
LF:74
LH:0
BRDA:17,0,0,0
BRDA:17,0,1,0
BRDA:23,1,0,0
BRDA:23,1,1,0
BRDA:46,2,0,0
BRDA:46,2,1,0
BRDA:70,3,0,0
BRDA:70,3,1,0
BRDA:73,4,0,0
BRDA:73,4,1,0
BRDA:92,5,0,0
BRDA:92,5,1,0
BRDA:99,6,0,0
BRDA:99,6,1,0
BRDA:112,7,0,0
BRDA:113,8,0,0
BRDA:113,8,1,0
BRDA:123,9,0,0
BRDA:123,9,1,0
BRDA:135,10,0,0
BRDA:135,10,1,0
BRDA:142,11,0,0
BRDA:142,11,1,0
BRDA:144,12,0,0
BRDA:144,12,1,0
BRDA:165,13,0,0
BRDA:165,13,1,0
BRDA:168,14,0,0
BRDA:168,14,1,0
BRDA:172,15,0,0
BRDA:172,15,1,0
BRDA:174,16,0,0
BRDA:174,16,1,0
BRDA:177,17,0,0
BRDA:177,17,1,0
BRDA:180,18,0,0
BRDA:180,18,1,0
BRF:37
BRH:0
end_of_record
TN:
SF:src/components/terminal/pty-terminal.tsx
FN:14,PtyTerminal
FN:19,(anonymous_1)
FN:58,(anonymous_2)
FN:64,(anonymous_3)
FN:70,(anonymous_4)
FN:76,(anonymous_5)
FN:82,(anonymous_6)
FNF:7
FNH:0
FNDA:0,PtyTerminal
FNDA:0,(anonymous_1)
FNDA:0,(anonymous_2)
FNDA:0,(anonymous_3)
FNDA:0,(anonymous_4)
FNDA:0,(anonymous_5)
FNDA:0,(anonymous_6)
DA:15,0
DA:16,0
DA:17,0
DA:19,0
DA:20,0
DA:22,0
DA:48,0
DA:49,0
DA:50,0
DA:51,0
DA:52,0
DA:54,0
DA:55,0
DA:58,0
DA:59,0
DA:63,0
DA:64,0
DA:65,0
DA:69,0
DA:70,0
DA:71,0
DA:72,0
DA:76,0
DA:77,0
DA:78,0
DA:80,0
DA:82,0
DA:83,0
DA:84,0
DA:85,0
DA:86,0
DA:90,0
LF:32
LH:0
BRDA:20,0,0,0
BRDA:20,0,1,0
BRF:2
BRH:0
end_of_record
TN:
SF:src/components/terminal/shell-selector-dropdown.tsx
FN:12,ShellSelectorDropdown
FN:21,(anonymous_1)
FN:22,(anonymous_2)
FN:34,(anonymous_3)
FN:38,(anonymous_4)
FN:39,(anonymous_5)
FN:44,(anonymous_6)
FN:48,(anonymous_7)
FN:55,(anonymous_8)
FN:84,(anonymous_9)
FN:93,(anonymous_10)
FNF:11
FNH:0
FNDA:0,ShellSelectorDropdown
FNDA:0,(anonymous_1)
FNDA:0,(anonymous_2)
FNDA:0,(anonymous_3)
FNDA:0,(anonymous_4)
FNDA:0,(anonymous_5)
FNDA:0,(anonymous_6)
FNDA:0,(anonymous_7)
FNDA:0,(anonymous_8)
FNDA:0,(anonymous_9)
FNDA:0,(anonymous_10)
DA:17,0
DA:18,0
DA:21,0
DA:22,0
DA:23,0
DA:29,0
DA:33,0
DA:34,0
DA:38,0
DA:39,0
DA:40,0
DA:43,0
DA:44,0
DA:48,0
DA:49,0
DA:54,0
DA:55,0
DA:56,0
DA:64,0
DA:67,0
DA:69,0
DA:85,0
DA:86,0
DA:88,0
DA:94,0
DA:95,0
LF:26
LH:0
BRDA:23,0,0,0
BRDA:23,0,1,0
BRDA:24,1,0,0
BRDA:24,1,1,0
BRDA:24,1,2,0
BRDA:24,1,3,0
BRDA:40,2,0,0
BRDA:40,2,1,0
BRDA:54,3,0,0
BRDA:54,3,1,0
BRDA:67,4,0,0
BRDA:67,4,1,0
BRDA:92,5,0,0
BRDA:92,5,1,0
BRDA:104,6,0,0
BRDA:104,6,1,0
BRF:16
BRH:0
end_of_record
TN:
SF:src/components/terminal/terminal-action-bar.tsx
FN:17,TerminalActionBar
FN:29,(anonymous_1)
FN:49,(anonymous_2)
FN:64,(anonymous_3)
FN:79,(anonymous_4)
FN:79,(anonymous_5)
FN:101,(anonymous_6)
FNF:7
FNH:4
FNDA:4,TerminalActionBar
FNDA:1,(anonymous_1)
FNDA:0,(anonymous_2)
FNDA:0,(anonymous_3)
FNDA:1,(anonymous_4)
FNDA:1,(anonymous_5)
FNDA:0,(anonymous_6)
DA:27,4
DA:29,4
DA:30,1
DA:31,1
DA:35,4
DA:37,3
DA:49,0
DA:64,0
DA:79,1
DA:101,0
LF:10
LH:7
BRDA:25,0,0,4
BRDA:35,1,0,1
BRDA:35,1,1,3
BRDA:39,2,0,1
BRDA:39,2,1,2
BRDA:50,3,0,4
BRDA:50,3,1,3
BRDA:52,4,0,0
BRDA:52,4,1,3
BRDA:61,5,0,4
BRDA:61,5,1,3
BRDA:67,6,0,0
BRDA:67,6,1,3
BRDA:68,7,0,0
BRDA:68,7,1,3
BRDA:76,8,0,1
BRDA:76,8,1,2
BRDA:80,9,0,4
BRDA:80,9,1,3
BRDA:90,10,0,4
BRDA:90,10,1,1
BRF:21
BRH:18
end_of_record
TN:
SF:src/components/terminal/terminal-empty-state.tsx
FN:9,TerminalEmptyState
FNF:1
FNH:0
FNDA:0,TerminalEmptyState
DA:14,0
LF:1
LH:0
BRDA:19,0,0,0
BRDA:19,0,1,0
BRDA:24,1,0,0
BRDA:24,1,1,0
BRDA:31,2,0,0
BRDA:31,2,1,0
BRF:6
BRH:0
end_of_record
TN:
SF:src/components/terminal/terminal-grid.tsx
FN:26,getProjectId
FN:31,calculateGrid
FN:44,splitIntoRows
FN:52,TerminalGrid2
FN:66,(anonymous_4)
FN:69,(anonymous_5)
FN:70,(anonymous_6)
FN:72,(anonymous_7)
FN:81,(anonymous_8)
FN:90,(anonymous_9)
FN:98,(anonymous_10)
FN:107,(anonymous_11)
FN:122,(anonymous_12)
FN:144,(anonymous_13)
FN:150,(anonymous_14)
FN:158,(anonymous_15)
FN:164,(anonymous_16)
FN:178,(anonymous_17)
FN:179,(anonymous_18)
FN:180,(anonymous_19)
FN:181,(anonymous_20)
FNF:21
FNH:0
FNDA:0,getProjectId
FNDA:0,calculateGrid
FNDA:0,splitIntoRows
FNDA:0,TerminalGrid2
FNDA:0,(anonymous_4)
FNDA:0,(anonymous_5)
FNDA:0,(anonymous_6)
FNDA:0,(anonymous_7)
FNDA:0,(anonymous_8)
FNDA:0,(anonymous_9)
FNDA:0,(anonymous_10)
FNDA:0,(anonymous_11)
FNDA:0,(anonymous_12)
FNDA:0,(anonymous_13)
FNDA:0,(anonymous_14)
FNDA:0,(anonymous_15)
FNDA:0,(anonymous_16)
FNDA:0,(anonymous_17)
FNDA:0,(anonymous_18)
FNDA:0,(anonymous_19)
FNDA:0,(anonymous_20)
DA:23,0
DA:27,0
DA:32,0
DA:33,0
DA:35,0
DA:37,0
DA:38,0
DA:39,0
DA:40,0
DA:45,0
DA:46,0
DA:47,0
DA:49,0
DA:52,0
DA:65,0
DA:66,0
DA:69,0
DA:70,0
DA:71,0
DA:72,0
DA:81,0
DA:82,0
DA:83,0
DA:84,0
DA:85,0
DA:86,0
DA:87,0
DA:88,0
DA:90,0
DA:98,0
DA:99,0
DA:102,0
DA:106,0
DA:107,0
DA:110,0
DA:111,0
DA:118,0
DA:123,0
DA:124,0
DA:126,0
DA:145,0
DA:150,0
DA:159,0
DA:164,0
DA:178,0
DA:179,0
DA:180,0
DA:181,0
LF:48
LH:0
BRDA:27,0,0,0
BRDA:27,0,1,0
BRDA:32,1,0,0
BRDA:32,1,1,0
BRDA:33,2,0,0
BRDA:33,2,1,0
BRDA:35,3,0,0
BRDA:35,3,1,0
BRDA:37,4,0,0
BRDA:37,4,1,0
BRDA:38,5,0,0
BRDA:38,5,1,0
BRDA:39,6,0,0
BRDA:39,6,1,0
BRDA:66,7,0,0
BRDA:66,7,1,0
BRDA:83,8,0,0
BRDA:83,8,1,0
BRDA:86,9,0,0
BRDA:86,9,1,0
BRDA:88,10,0,0
BRDA:88,10,1,0
BRDA:99,11,0,0
BRDA:99,11,1,0
BRDA:102,12,0,0
BRDA:102,12,1,0
BRDA:106,13,0,0
BRDA:106,13,1,0
BRDA:129,14,0,0
BRDA:129,14,1,0
BRDA:134,15,0,0
BRDA:134,15,1,0
BRDA:135,16,0,0
BRDA:135,16,1,0
BRDA:136,17,0,0
BRDA:136,17,1,0
BRDA:147,18,0,0
BRDA:147,18,1,0
BRDA:147,18,2,0
BRDA:156,19,0,0
BRDA:156,19,1,0
BRDA:161,20,0,0
BRDA:161,20,1,0
BRDA:161,20,2,0
BRDA:169,21,0,0
BRDA:169,21,1,0
BRDA:170,22,0,0
BRDA:170,22,1,0
BRDA:176,23,0,0
BRDA:176,23,1,0
BRDA:194,24,0,0
BRDA:194,24,1,0
BRF:52
BRH:0
end_of_record
TN:
SF:src/components/terminal/terminal-pane.tsx
FN:26,TerminalPane2
FN:46,(anonymous_1)
FN:51,(anonymous_2)
FN:58,(anonymous_3)
FN:63,(anonymous_4)
FN:67,(anonymous_5)
FN:75,(anonymous_6)
FN:87,(anonymous_7)
FN:92,(anonymous_8)
FN:101,(anonymous_9)
FN:103,(anonymous_10)
FN:106,(anonymous_11)
FN:112,(anonymous_12)
FN:116,(anonymous_13)
FN:120,(anonymous_14)
FN:127,(anonymous_15)
FN:130,(anonymous_16)
FN:140,(anonymous_17)
FN:146,(anonymous_18)
FN:151,(anonymous_19)
FN:156,(anonymous_20)
FN:161,(anonymous_21)
FN:188,(anonymous_22)
FN:190,(anonymous_23)
FN:198,(anonymous_24)
FN:206,(anonymous_25)
FN:217,(anonymous_26)
FN:284,(anonymous_27)
FNF:28
FNH:0
FNDA:0,TerminalPane2
FNDA:0,(anonymous_1)
FNDA:0,(anonymous_2)
FNDA:0,(anonymous_3)
FNDA:0,(anonymous_4)
FNDA:0,(anonymous_5)
FNDA:0,(anonymous_6)
FNDA:0,(anonymous_7)
FNDA:0,(anonymous_8)
FNDA:0,(anonymous_9)
FNDA:0,(anonymous_10)
FNDA:0,(anonymous_11)
FNDA:0,(anonymous_12)
FNDA:0,(anonymous_13)
FNDA:0,(anonymous_14)
FNDA:0,(anonymous_15)
FNDA:0,(anonymous_16)
FNDA:0,(anonymous_17)
FNDA:0,(anonymous_18)
FNDA:0,(anonymous_19)
FNDA:0,(anonymous_20)
FNDA:0,(anonymous_21)
FNDA:0,(anonymous_22)
FNDA:0,(anonymous_23)
FNDA:0,(anonymous_24)
FNDA:0,(anonymous_25)
FNDA:0,(anonymous_26)
FNDA:0,(anonymous_27)
DA:9,0
DA:10,0
DA:26,0
DA:38,0
DA:39,0
DA:40,0
DA:41,0
DA:42,0
DA:43,0
DA:44,0
DA:45,0
DA:46,0
DA:51,0
DA:52,0
DA:53,0
DA:58,0
DA:59,0
DA:63,0
DA:64,0
DA:67,0
DA:68,0
DA:69,0
DA:71,0
DA:75,0
DA:76,0
DA:77,0
DA:78,0
DA:81,0
DA:87,0
DA:88,0
DA:92,0
DA:93,0
DA:94,0
DA:95,0
DA:96,0
DA:101,0
DA:102,0
DA:103,0
DA:104,0
DA:105,0
DA:106,0
DA:107,0
DA:111,0
DA:112,0
DA:116,0
DA:117,0
DA:118,0
DA:120,0
DA:121,0
DA:123,0
DA:124,0
DA:125,0
DA:127,0
DA:128,0
DA:129,0
DA:130,0
DA:131,0
DA:133,0
DA:135,0
DA:139,0
DA:140,0
DA:141,0
DA:142,0
DA:146,0
DA:147,0
DA:148,0
DA:151,0
DA:152,0
DA:153,0
DA:156,0
DA:157,0
DA:158,0
DA:161,0
DA:162,0
DA:163,0
DA:164,0
DA:168,0
DA:188,0
DA:191,0
DA:193,0
DA:194,0
DA:196,0
DA:198,0
DA:206,0
DA:217,0
DA:284,0
LF:86
LH:0
BRDA:30,0,0,0
BRDA:31,1,0,0
BRDA:46,2,0,0
BRDA:46,2,1,0
BRDA:52,3,0,0
BRDA:52,3,1,0
BRDA:68,4,0,0
BRDA:68,4,1,0
BRDA:95,5,0,0
BRDA:95,5,1,0
BRDA:102,6,0,0
BRDA:102,6,1,0
BRDA:104,7,0,0
BRDA:104,7,1,0
BRDA:104,8,0,0
BRDA:104,8,1,0
BRDA:104,8,2,0
BRDA:107,9,0,0
BRDA:107,9,1,0
BRDA:118,10,0,0
BRDA:118,10,1,0
BRDA:121,11,0,0
BRDA:121,11,1,0
BRDA:125,12,0,0
BRDA:125,12,1,0
BRDA:129,13,0,0
BRDA:129,13,1,0
BRDA:142,14,0,0
BRDA:142,14,1,0
BRDA:163,15,0,0
BRDA:163,15,1,0
BRDA:177,16,0,0
BRDA:177,16,1,0
BRDA:178,17,0,0
BRDA:178,17,1,0
BRDA:180,18,0,0
BRDA:180,18,1,0
BRDA:184,19,0,0
BRDA:184,19,1,0
BRDA:191,20,0,0
BRDA:191,20,1,0
BRDA:191,21,0,0
BRDA:191,21,1,0
BRDA:214,22,0,0
BRDA:214,22,1,0
BRF:45
BRH:0
end_of_record
TN:
SF:src/components/terminal/terminal-resize-handle.tsx
FN:8,ResizeHandle
FN:12,(anonymous_1)
FNF:2
FNH:0
FNDA:0,ResizeHandle
FNDA:0,(anonymous_1)
DA:9,0
DA:13,0
DA:14,0
LF:3
LH:0
BRDA:14,0,0,0
BRDA:14,0,1,0
BRF:2
BRH:0
end_of_record
TN:
SF:src/components/terminal/terminal-view.tsx
FN:7,findImagePathAtColumn
FN:79,TerminalView2
FN:98,(anonymous_2)
FN:107,(anonymous_3)
FN:120,(anonymous_4)
FN:174,(anonymous_5)
FN:182,(anonymous_6)
FN:261,(anonymous_7)
FN:270,(anonymous_8)
FN:277,(anonymous_9)
FN:281,(anonymous_10)
FN:285,(anonymous_11)
FN:290,(anonymous_12)
FN:295,(anonymous_13)
FN:296,(anonymous_14)
FN:306,(anonymous_15)
FN:308,(anonymous_16)
FN:311,(anonymous_17)
FN:315,(anonymous_18)
FN:316,(anonymous_19)
FN:330,(anonymous_20)
FN:334,(anonymous_21)
FN:337,(anonymous_22)
FN:344,(anonymous_23)
FN:349,(anonymous_24)
FN:351,(anonymous_25)
FNF:26
FNH:0
FNDA:0,findImagePathAtColumn
FNDA:0,TerminalView2
FNDA:0,(anonymous_2)
FNDA:0,(anonymous_3)
FNDA:0,(anonymous_4)
FNDA:0,(anonymous_5)
FNDA:0,(anonymous_6)
FNDA:0,(anonymous_7)
FNDA:0,(anonymous_8)
FNDA:0,(anonymous_9)
FNDA:0,(anonymous_10)
FNDA:0,(anonymous_11)
FNDA:0,(anonymous_12)
FNDA:0,(anonymous_13)
FNDA:0,(anonymous_14)
FNDA:0,(anonymous_15)
FNDA:0,(anonymous_16)
FNDA:0,(anonymous_17)
FNDA:0,(anonymous_18)
FNDA:0,(anonymous_19)
FNDA:0,(anonymous_20)
FNDA:0,(anonymous_21)
FNDA:0,(anonymous_22)
FNDA:0,(anonymous_23)
FNDA:0,(anonymous_24)
FNDA:0,(anonymous_25)
DA:8,0
DA:11,0
DA:13,0
DA:14,0
DA:18,0
DA:19,0
DA:20,0
DA:21,0
DA:22,0
DA:23,0
DA:28,0
DA:29,0
DA:30,0
DA:34,0
DA:35,0
DA:36,0
DA:40,0
DA:41,0
DA:42,0
DA:46,0
DA:49,0
DA:79,0
DA:91,0
DA:98,0
DA:100,0
DA:103,0
DA:104,0
DA:107,0
DA:108,0
DA:109,0
DA:110,0
DA:111,0
DA:115,0
DA:116,0
DA:120,0
DA:121,0
DA:122,0
DA:125,0
DA:126,0
DA:128,0
DA:129,0
DA:130,0
DA:131,0
DA:132,0
DA:133,0
DA:134,0
DA:135,0
DA:138,0
DA:139,0
DA:141,0
DA:142,0
DA:143,0
DA:145,0
DA:146,0
DA:147,0
DA:151,0
DA:152,0
DA:153,0
DA:155,0
DA:157,0
DA:160,0
DA:161,0
DA:168,0
DA:174,0
DA:175,0
DA:176,0
DA:178,0
DA:182,0
DA:183,0
DA:184,0
DA:187,0
DA:188,0
DA:191,0
DA:194,0
DA:197,0
DA:198,0
DA:201,0
DA:202,0
DA:205,0
DA:206,0
DA:207,0
DA:209,0
DA:211,0
DA:214,0
DA:215,0
DA:216,0
DA:217,0
DA:218,0
DA:219,0
DA:220,0
DA:225,0
DA:226,0
DA:227,0
DA:228,0
DA:229,0
DA:230,0
DA:231,0
DA:237,0
DA:238,0
DA:239,0
DA:240,0
DA:241,0
DA:246,0
DA:247,0
DA:248,0
DA:249,0
DA:250,0
DA:255,0
DA:256,0
DA:261,0
DA:262,0
DA:263,0
DA:264,0
DA:267,0
DA:270,0
DA:271,0
DA:272,0
DA:274,0
DA:277,0
DA:278,0
DA:281,0
DA:282,0
DA:285,0
DA:286,0
DA:290,0
DA:291,0
DA:295,0
DA:296,0
DA:297,0
DA:298,0
DA:306,0
DA:307,0
DA:308,0
DA:309,0
DA:311,0
DA:315,0
DA:316,0
DA:317,0
DA:319,0
DA:321,0
DA:322,0
DA:325,0
DA:330,0
DA:331,0
DA:332,0
DA:334,0
DA:335,0
DA:337,0
DA:339,0
DA:344,0
DA:345,0
DA:349,0
DA:350,0
DA:351,0
DA:358,0
LF:155
LH:0
BRDA:41,0,0,0
BRDA:41,0,1,0
BRDA:41,1,0,0
BRDA:41,1,1,0
BRDA:82,2,0,0
BRDA:83,3,0,0
BRDA:109,4,0,0
BRDA:109,4,1,0
BRDA:109,5,0,0
BRDA:109,5,1,0
BRDA:115,6,0,0
BRDA:115,6,1,0
BRDA:122,7,0,0
BRDA:122,7,1,0
BRDA:122,8,0,0
BRDA:122,8,1,0
BRDA:126,9,0,0
BRDA:126,9,1,0
BRDA:145,10,0,0
BRDA:145,10,1,0
BRDA:153,11,0,0
BRDA:153,11,1,0
BRDA:160,12,0,0
BRDA:160,12,1,0
BRDA:175,13,0,0
BRDA:175,13,1,0
BRDA:184,14,0,0
BRDA:184,14,1,0
BRDA:184,15,0,0
BRDA:184,15,1,0
BRDA:202,16,0,0
BRDA:202,16,1,0
BRDA:207,17,0,0
BRDA:207,17,1,0
BRDA:216,18,0,0
BRDA:216,18,1,0
BRDA:219,19,0,0
BRDA:219,19,1,0
BRDA:225,20,0,0
BRDA:225,20,1,0
BRDA:229,21,0,0
BRDA:229,21,1,0
BRDA:237,22,0,0
BRDA:237,22,1,0
BRDA:240,23,0,0
BRDA:240,23,1,0
BRDA:246,24,0,0
BRDA:246,24,1,0
BRDA:249,25,0,0
BRDA:249,25,1,0
BRDA:255,26,0,0
BRDA:255,26,1,0
BRDA:262,27,0,0
BRDA:262,27,1,0
BRDA:271,28,0,0
BRDA:271,28,1,0
BRDA:271,29,0,0
BRDA:271,29,1,0
BRDA:271,29,2,0
BRDA:271,29,3,0
BRDA:297,30,0,0
BRDA:297,30,1,0
BRDA:307,31,0,0
BRDA:307,31,1,0
BRDA:321,32,0,0
BRDA:321,32,1,0
BRDA:321,33,0,0
BRDA:321,33,1,0
BRDA:331,34,0,0
BRDA:331,34,1,0
BRDA:372,35,0,0
BRDA:372,35,1,0
BRDA:372,36,0,0
BRDA:372,36,1,0
BRDA:376,37,0,0
BRDA:376,37,1,0
BRDA:381,38,0,0
BRDA:381,38,1,0
BRF:78
BRH:0
end_of_record
TN:
SF:src/components/toolbar/index.ts
FNF:0
FNH:0
LF:0
LH:0
BRF:0
BRH:0
end_of_record
TN:
SF:src/components/toolbar/project-bar.tsx
FN:14,ProjectBar
FN:29,(anonymous_1)
FN:41,(anonymous_2)
FN:50,(anonymous_3)
FNF:4
FNH:0
FNDA:0,ProjectBar
FNDA:0,(anonymous_1)
FNDA:0,(anonymous_2)
FNDA:0,(anonymous_3)
DA:11,0
DA:21,0
DA:30,0
DA:41,0
DA:51,0
DA:52,0
LF:6
LH:0
BRDA:24,0,0,0
BRDA:24,0,1,0
BRDA:32,1,0,0
BRDA:32,1,1,0
BRDA:35,2,0,0
BRDA:35,2,1,0
BRF:6
BRH:0
end_of_record
TN:
SF:src/components/toolbar/project-dropdown.tsx
FN:17,ProjectDropdown
FN:28,(anonymous_1)
FN:30,(anonymous_2)
FN:31,(anonymous_3)
FN:36,(anonymous_4)
FN:41,(anonymous_5)
FN:53,(anonymous_6)
FN:53,(anonymous_7)
FN:96,(anonymous_8)
FN:107,(anonymous_9)
FN:125,(anonymous_10)
FN:142,(anonymous_11)
FNF:12
FNH:3
FNDA:1,ProjectDropdown
FNDA:0,(anonymous_1)
FNDA:1,(anonymous_2)
FNDA:0,(anonymous_3)
FNDA:0,(anonymous_4)
FNDA:1,(anonymous_5)
FNDA:0,(anonymous_6)
FNDA:0,(anonymous_7)
FNDA:0,(anonymous_8)
FNDA:0,(anonymous_9)
FNDA:0,(anonymous_10)
FNDA:0,(anonymous_11)
DA:14,1
DA:25,1
DA:26,1
DA:28,1
DA:30,1
DA:31,1
DA:32,0
DA:33,0
DA:36,1
DA:37,0
DA:39,1
DA:40,1
DA:41,1
DA:42,1
DA:43,1
DA:47,1
DA:53,0
DA:97,0
DA:108,0
DA:109,0
DA:126,0
DA:127,0
DA:128,0
DA:143,0
DA:144,0
LF:25
LH:13
BRDA:32,0,0,0
BRDA:32,0,1,0
BRDA:32,1,0,0
BRDA:32,1,1,0
BRDA:37,2,0,0
BRDA:37,2,1,0
BRDA:60,3,0,0
BRDA:60,3,1,1
BRDA:63,4,0,0
BRDA:63,4,1,1
BRDA:64,5,0,0
BRDA:64,5,1,0
BRDA:65,6,0,0
BRDA:65,6,1,1
BRDA:84,7,0,1
BRDA:84,7,1,0
BRDA:90,8,0,0
BRDA:90,8,1,0
BRDA:99,9,0,0
BRDA:99,9,1,0
BRDA:113,10,0,0
BRDA:113,10,1,0
BRDA:128,11,0,0
BRDA:128,11,1,0
BRF:24
BRH:4
end_of_record
TN:
SF:src/components/toolbar/toolbar-button.tsx
FN:14,ToolbarButton
FNF:1
FNH:1
FNDA:2,ToolbarButton
DA:23,2
LF:1
LH:1
BRDA:18,0,0,2
BRDA:20,1,0,2
BRDA:31,2,0,0
BRDA:31,2,1,2
BRDA:32,3,0,0
BRDA:32,3,1,2
BRDA:38,4,0,2
BRDA:38,4,1,0
BRDA:38,4,2,0
BRDA:39,5,0,0
BRDA:39,5,1,0
BRF:11
BRH:5
end_of_record
TN:
SF:src/components/toolbar/toolbar.tsx
FN:33,IconGitHub
FN:41,IconSettings
FN:53,Toolbar
FN:60,(anonymous_3)
FN:61,(anonymous_4)
FN:62,(anonymous_5)
FN:68,(anonymous_6)
FN:70,(anonymous_7)
FN:76,(anonymous_8)
FN:81,(anonymous_9)
FN:83,(anonymous_10)
FN:89,(anonymous_11)
FNF:12
FNH:4
FNDA:1,IconGitHub
FNDA:1,IconSettings
FNDA:1,Toolbar
FNDA:0,(anonymous_3)
FNDA:0,(anonymous_4)
FNDA:0,(anonymous_5)
FNDA:0,(anonymous_6)
FNDA:1,(anonymous_7)
FNDA:0,(anonymous_8)
FNDA:0,(anonymous_9)
FNDA:0,(anonymous_10)
FNDA:0,(anonymous_11)
DA:11,1
DA:12,1
DA:34,1
DA:42,1
DA:67,1
DA:68,1
DA:70,1
DA:71,1
DA:73,0
DA:75,0
DA:77,0
DA:78,0
DA:83,0
DA:84,0
DA:85,0
DA:89,0
DA:90,0
DA:91,0
DA:95,1
LF:19
LH:9
BRDA:57,0,0,1
BRDA:58,1,0,1
BRDA:60,2,0,0
BRDA:61,3,0,0
BRDA:62,4,0,0
BRDA:68,5,0,1
BRDA:68,5,1,1
BRDA:71,6,0,1
BRDA:71,6,1,0
BRDA:77,7,0,0
BRDA:77,7,1,0
BRDA:84,8,0,0
BRDA:84,8,1,0
BRDA:103,9,0,0
BRDA:103,9,1,1
BRDA:103,10,0,1
BRDA:103,10,1,0
BRDA:133,11,0,0
BRDA:133,11,1,1
BRDA:136,12,0,0
BRDA:136,12,1,1
BRDA:137,13,0,0
BRDA:137,13,1,0
BRDA:164,14,0,1
BRDA:164,14,1,1
BRF:25
BRH:11
end_of_record
TN:
SF:src/components/toolbar/window-controls.tsx
FN:4,WindowControls
FN:5,(anonymous_1)
FN:9,(anonymous_2)
FN:13,(anonymous_3)
FNF:4
FNH:1
FNDA:1,WindowControls
FNDA:0,(anonymous_1)
FNDA:0,(anonymous_2)
FNDA:0,(anonymous_3)
DA:5,1
DA:6,0
DA:9,1
DA:10,0
DA:13,1
DA:14,0
DA:17,1
LF:7
LH:4
BRF:0
BRH:0
end_of_record
TN:
SF:src/hooks/index.ts
FNF:0
FNH:0
LF:0
LH:0
BRF:0
BRH:0
end_of_record
TN:
SF:src/hooks/use-file-drop.ts
FN:19,isFileDrag
FN:27,useFileDrop
FN:32,(anonymous_2)
FN:36,(anonymous_3)
FN:45,(anonymous_4)
FN:52,(anonymous_5)
FN:56,(anonymous_6)
FN:67,(anonymous_7)
FN:83,(anonymous_8)
FN:87,(anonymous_9)
FNF:10
FNH:0
FNDA:0,isFileDrag
FNDA:0,useFileDrop
FNDA:0,(anonymous_2)
FNDA:0,(anonymous_3)
FNDA:0,(anonymous_4)
FNDA:0,(anonymous_5)
FNDA:0,(anonymous_6)
FNDA:0,(anonymous_7)
FNDA:0,(anonymous_8)
FNDA:0,(anonymous_9)
DA:20,0
DA:28,0
DA:29,0
DA:30,0
DA:32,0
DA:33,0
DA:34,0
DA:35,0
DA:36,0
DA:37,0
DA:38,0
DA:39,0
DA:41,0
DA:45,0
DA:46,0
DA:47,0
DA:48,0
DA:49,0
DA:52,0
DA:53,0
DA:54,0
DA:55,0
DA:56,0
DA:57,0
DA:58,0
DA:59,0
DA:60,0
DA:61,0
DA:63,0
DA:67,0
DA:68,0
DA:69,0
DA:70,0
DA:71,0
DA:72,0
DA:73,0
DA:75,0
DA:76,0
DA:78,0
DA:81,0
DA:82,0
DA:83,0
DA:84,0
DA:87,0
DA:88,0
DA:92,0
LF:46
LH:0
BRDA:20,0,0,0
BRDA:20,0,1,0
BRDA:33,1,0,0
BRDA:33,1,1,0
BRDA:37,2,0,0
BRDA:37,2,1,0
BRDA:46,3,0,0
BRDA:46,3,1,0
BRDA:49,4,0,0
BRDA:49,4,1,0
BRDA:53,5,0,0
BRDA:53,5,1,0
BRDA:58,6,0,0
BRDA:58,6,1,0
BRDA:68,7,0,0
BRDA:68,7,1,0
BRDA:76,8,0,0
BRDA:76,8,1,0
BRDA:76,9,0,0
BRDA:76,9,1,0
BRDA:81,10,0,0
BRDA:81,10,1,0
BRDA:83,11,0,0
BRDA:83,11,1,0
BRDA:84,12,0,0
BRDA:84,12,1,0
BRDA:88,13,0,0
BRDA:88,13,1,0
BRF:28
BRH:0
end_of_record
TN:
SF:src/hooks/use-git-panel.ts
FN:5,logGitPanelError
FN:48,useGitPanel
FN:66,(anonymous_2)
FN:80,(anonymous_3)
FN:84,(anonymous_4)
FN:115,(anonymous_5)
FN:119,(anonymous_6)
FN:181,(anonymous_7)
FN:186,(anonymous_8)
FN:194,(anonymous_9)
FN:200,(anonymous_10)
FN:206,(anonymous_11)
FN:212,(anonymous_12)
FN:219,(anonymous_13)
FN:230,(anonymous_14)
FN:237,(anonymous_15)
FN:244,(anonymous_16)
FN:255,(anonymous_17)
FN:262,(anonymous_18)
FN:269,(anonymous_19)
FN:275,(anonymous_20)
FN:281,(anonymous_21)
FN:287,(anonymous_22)
FN:293,(anonymous_23)
FN:299,(anonymous_24)
FN:305,(anonymous_25)
FN:309,(anonymous_26)
FNF:27
FNH:7
FNDA:1,logGitPanelError
FNDA:8,useGitPanel
FNDA:3,(anonymous_2)
FNDA:0,(anonymous_3)
FNDA:0,(anonymous_4)
FNDA:3,(anonymous_5)
FNDA:6,(anonymous_6)
FNDA:0,(anonymous_7)
FNDA:0,(anonymous_8)
FNDA:0,(anonymous_9)
FNDA:0,(anonymous_10)
FNDA:0,(anonymous_11)
FNDA:0,(anonymous_12)
FNDA:0,(anonymous_13)
FNDA:0,(anonymous_14)
FNDA:0,(anonymous_15)
FNDA:0,(anonymous_16)
FNDA:0,(anonymous_17)
FNDA:0,(anonymous_18)
FNDA:0,(anonymous_19)
FNDA:0,(anonymous_20)
FNDA:0,(anonymous_21)
FNDA:0,(anonymous_22)
FNDA:0,(anonymous_23)
FNDA:0,(anonymous_24)
FNDA:3,(anonymous_25)
FNDA:3,(anonymous_26)
DA:6,1
DA:49,8
DA:50,8
DA:51,8
DA:52,8
DA:53,8
DA:54,8
DA:55,8
DA:56,8
DA:57,8
DA:58,8
DA:59,8
DA:60,8
DA:61,8
DA:62,8
DA:63,8
DA:64,8
DA:66,8
DA:67,3
DA:68,3
DA:69,3
DA:70,3
DA:71,3
DA:72,3
DA:73,3
DA:74,3
DA:75,3
DA:76,3
DA:77,3
DA:80,8
DA:81,0
DA:82,0
DA:83,0
DA:84,0
DA:85,0
DA:87,0
DA:88,0
DA:89,0
DA:90,0
DA:94,0
DA:95,0
DA:96,0
DA:98,0
DA:99,0
DA:101,0
DA:102,0
DA:104,0
DA:105,0
DA:108,0
DA:109,0
DA:111,0
DA:115,8
DA:116,3
DA:117,3
DA:118,3
DA:119,3
DA:120,6
DA:122,3
DA:123,3
DA:124,3
DA:125,3
DA:133,3
DA:134,2
DA:135,2
DA:137,0
DA:138,0
DA:140,2
DA:141,2
DA:143,0
DA:144,0
DA:146,2
DA:147,2
DA:149,0
DA:150,0
DA:152,2
DA:153,2
DA:155,0
DA:156,0
DA:158,2
DA:159,2
DA:161,0
DA:162,0
DA:164,2
DA:165,1
DA:166,1
DA:167,0
DA:170,1
DA:171,1
DA:174,3
DA:175,2
DA:177,3
DA:181,8
DA:182,0
DA:183,0
DA:184,0
DA:185,0
DA:186,0
DA:187,0
DA:188,0
DA:189,0
DA:191,0
DA:194,8
DA:195,0
DA:196,0
DA:197,0
DA:200,8
DA:201,0
DA:202,0
DA:203,0
DA:206,8
DA:207,0
DA:208,0
DA:209,0
DA:212,8
DA:213,0
DA:214,0
DA:215,0
DA:216,0
DA:219,8
DA:220,0
DA:221,0
DA:222,0
DA:223,0
DA:224,0
DA:225,0
DA:227,0
DA:230,8
DA:231,0
DA:232,0
DA:233,0
DA:234,0
DA:237,8
DA:238,0
DA:239,0
DA:240,0
DA:241,0
DA:244,8
DA:245,0
DA:246,0
DA:247,0
DA:248,0
DA:249,0
DA:251,0
DA:255,8
DA:256,0
DA:257,0
DA:258,0
DA:259,0
DA:262,8
DA:263,0
DA:264,0
DA:265,0
DA:266,0
DA:269,8
DA:270,0
DA:271,0
DA:272,0
DA:275,8
DA:276,0
DA:277,0
DA:278,0
DA:281,8
DA:282,0
DA:283,0
DA:284,0
DA:287,8
DA:288,0
DA:289,0
DA:290,0
DA:293,8
DA:294,0
DA:295,0
DA:296,0
DA:299,8
DA:300,0
DA:301,0
DA:302,0
DA:305,8
DA:306,3
DA:307,3
DA:308,3
DA:309,3
DA:312,8
LF:183
LH:82
BRDA:48,0,0,8
BRDA:81,1,0,0
BRDA:81,1,1,0
BRDA:81,2,0,0
BRDA:81,2,1,0
BRDA:81,2,2,0
BRDA:85,3,0,0
BRDA:85,3,1,0
BRDA:94,4,0,0
BRDA:94,4,1,0
BRDA:95,5,0,0
BRDA:95,5,1,0
BRDA:101,6,0,0
BRDA:101,6,1,0
BRDA:102,7,0,0
BRDA:102,7,1,0
BRDA:108,8,0,0
BRDA:108,8,1,0
BRDA:116,9,0,0
BRDA:116,9,1,3
BRDA:116,10,0,3
BRDA:116,10,1,3
BRDA:116,10,2,3
BRDA:120,11,0,6
BRDA:120,11,1,4
BRDA:133,12,0,1
BRDA:133,12,1,2
BRDA:134,13,0,2
BRDA:134,13,1,0
BRDA:140,14,0,2
BRDA:140,14,1,0
BRDA:141,15,0,2
BRDA:141,15,1,0
BRDA:146,16,0,2
BRDA:146,16,1,0
BRDA:147,17,0,2
BRDA:147,17,1,0
BRDA:152,18,0,2
BRDA:152,18,1,0
BRDA:153,19,0,2
BRDA:153,19,1,0
BRDA:158,20,0,2
BRDA:158,20,1,0
BRDA:159,21,0,2
BRDA:159,21,1,0
BRDA:164,22,0,1
BRDA:164,22,1,1
BRDA:166,23,0,0
BRDA:166,23,1,1
BRDA:166,24,0,1
BRDA:166,24,1,1
BRDA:174,25,0,2
BRDA:174,25,1,1
BRDA:183,26,0,0
BRDA:183,26,1,0
BRDA:183,27,0,0
BRDA:183,27,1,0
BRDA:187,28,0,0
BRDA:187,28,1,0
BRDA:187,29,0,0
BRDA:187,29,1,0
BRDA:188,30,0,0
BRDA:188,30,1,0
BRDA:188,31,0,0
BRDA:188,31,1,0
BRDA:191,32,0,0
BRDA:191,32,1,0
BRDA:191,33,0,0
BRDA:191,33,1,0
BRDA:195,34,0,0
BRDA:195,34,1,0
BRDA:201,35,0,0
BRDA:201,35,1,0
BRDA:207,36,0,0
BRDA:207,36,1,0
BRDA:213,37,0,0
BRDA:213,37,1,0
BRDA:216,38,0,0
BRDA:216,38,1,0
BRDA:220,39,0,0
BRDA:220,39,1,0
BRDA:220,40,0,0
BRDA:220,40,1,0
BRDA:222,41,0,0
BRDA:222,41,1,0
BRDA:227,42,0,0
BRDA:227,42,1,0
BRDA:231,43,0,0
BRDA:231,43,1,0
BRDA:238,44,0,0
BRDA:238,44,1,0
BRDA:245,45,0,0
BRDA:245,45,1,0
BRDA:256,46,0,0
BRDA:256,46,1,0
BRDA:263,47,0,0
BRDA:263,47,1,0
BRDA:269,48,0,0
BRDA:270,49,0,0
BRDA:270,49,1,0
BRDA:276,50,0,0
BRDA:276,50,1,0
BRDA:282,51,0,0
BRDA:282,51,1,0
BRDA:283,52,0,0
BRDA:283,52,1,0
BRDA:288,53,0,0
BRDA:288,53,1,0
BRDA:294,54,0,0
BRDA:294,54,1,0
BRDA:300,55,0,0
BRDA:300,55,1,0
BRDA:306,56,0,0
BRDA:306,56,1,3
BRDA:306,57,0,3
BRDA:306,57,1,3
BRF:116
BRH:28
end_of_record
TN:
SF:src/hooks/use-keyboard-shortcuts.ts
FN:19,useKeyboardShortcuts
FN:25,(anonymous_1)
FN:26,(anonymous_2)
FN:58,(anonymous_3)
FNF:4
FNH:0
FNDA:0,useKeyboardShortcuts
FNDA:0,(anonymous_1)
FNDA:0,(anonymous_2)
FNDA:0,(anonymous_3)
DA:25,0
DA:26,0
DA:27,0
DA:28,0
DA:30,0
DA:32,0
DA:34,0
DA:35,0
DA:36,0
DA:37,0
DA:38,0
DA:40,0
DA:43,0
DA:46,0
DA:47,0
DA:49,0
DA:50,0
DA:52,0
DA:53,0
DA:57,0
DA:58,0
LF:21
LH:0
BRDA:28,0,0,0
BRDA:28,0,1,0
BRDA:32,1,0,0
BRDA:32,1,1,0
BRDA:32,1,2,0
BRDA:32,1,3,0
BRDA:36,2,0,0
BRDA:36,2,1,0
BRDA:37,3,0,0
BRDA:37,3,1,0
BRF:10
BRH:0
end_of_record
TN:
SF:src/hooks/use-terminal-resize.ts
FN:4,sumFlex
FN:5,(anonymous_1)
FN:15,createDefaultSnapshot
FN:22,getResizeKey
FN:32,useTerminalResize
FN:47,(anonymous_5)
FN:50,(anonymous_6)
FN:59,(anonymous_7)
FN:65,(anonymous_8)
FN:72,(anonymous_9)
FN:77,(anonymous_10)
FN:88,(anonymous_11)
[...]
BRDA:601,82,1,0
BRDA:613,83,0,0
BRDA:613,83,1,0
BRDA:619,84,0,0
BRDA:619,84,1,0
BRDA:629,85,0,0
BRDA:629,85,1,0
BRDA:651,86,0,0
BRDA:651,86,1,0
BRDA:652,87,0,0
BRDA:652,87,1,0
BRDA:665,88,0,0
BRDA:665,88,1,0
BRDA:697,89,0,0
BRDA:697,89,1,0
BRDA:700,90,0,0
BRDA:700,90,1,0
BRDA:703,91,0,0
BRDA:703,91,1,0
BRDA:721,92,0,0
BRDA:721,92,1,0
BRDA:722,93,0,0
BRDA:722,93,1,0
BRDA:729,94,0,0
BRDA:729,94,1,0
BRDA:730,95,0,0
BRDA:730,95,1,0
BRDA:736,96,0,0
BRDA:736,96,1,0
BRDA:738,97,0,0
BRDA:738,97,1,0
BRDA:738,98,0,0
BRDA:738,98,1,0
BRDA:760,99,0,0
BRDA:760,99,1,0
BRDA:767,100,0,0
BRDA:767,100,1,0
BRDA:789,101,0,0
BRDA:789,101,1,0
BRDA:789,102,0,0
BRDA:789,102,1,0
BRDA:810,103,0,0
BRDA:810,103,1,0
BRDA:810,104,0,0
BRDA:810,104,1,0
BRDA:822,105,0,0
BRDA:823,106,0,0
BRDA:823,106,1,0
BRDA:823,107,0,0
BRDA:823,107,1,0
BRDA:826,108,0,0
BRDA:826,108,1,0
BRDA:832,109,0,0
BRDA:832,109,1,0
BRDA:832,110,0,0
BRDA:832,110,1,0
BRDA:849,111,0,0
BRDA:849,111,1,0
BRDA:864,112,0,0
BRDA:864,112,1,0
BRDA:869,113,0,0
BRDA:869,113,1,0
BRDA:898,114,0,0
BRDA:898,114,1,0
BRDA:918,115,0,0
BRDA:918,115,1,0
BRDA:944,116,0,0
BRDA:944,116,1,0
BRDA:944,117,0,0
BRDA:944,117,1,0
BRDA:953,118,0,0
BRDA:953,118,1,0
BRDA:957,119,0,0
BRDA:957,119,1,0
BRDA:957,120,0,0
BRDA:957,120,1,0
BRDA:960,121,0,0
BRDA:960,121,1,0
BRDA:960,122,0,0
BRDA:960,122,1,0
BRDA:981,123,0,0
BRDA:981,123,1,0
BRDA:981,124,0,0
BRDA:981,124,1,0
BRDA:984,125,0,0
BRDA:984,125,1,0
BRDA:984,125,2,0
BRDA:984,125,3,0
BRDA:989,126,0,0
BRDA:989,126,1,0
BRDA:995,127,0,0
BRDA:995,127,1,0
BRDA:1005,128,0,0
BRDA:1005,128,1,0
BRDA:1026,129,0,0
BRDA:1026,129,1,0
BRDA:1026,130,0,0
BRDA:1026,130,1,0
BRDA:1027,131,0,0
BRDA:1027,131,1,0
BRDA:1029,132,0,0
BRDA:1029,132,1,0
BRDA:1040,133,0,0
BRDA:1040,133,1,0
BRDA:1040,134,0,0
BRDA:1040,134,1,0
BRDA:1043,135,0,0
BRDA:1043,135,1,0
BRDA:1049,136,0,0
BRDA:1049,136,1,0
BRDA:1049,137,0,0
BRDA:1049,137,1,0
BRDA:1049,137,2,0
BRDA:1054,138,0,0
BRDA:1054,138,1,0
BRDA:1054,139,0,0
BRDA:1054,139,1,0
BRDA:1058,140,0,0
BRDA:1058,140,1,0
BRDA:1058,141,0,0
BRDA:1058,141,1,0
BRDA:1073,142,0,0
BRDA:1073,142,1,0
BRDA:1073,143,0,0
BRDA:1073,143,1,0
BRDA:1089,144,0,0
BRDA:1089,144,1,0
BRDA:1099,145,0,0
BRDA:1099,145,1,0
BRDA:1099,146,0,0
BRDA:1099,146,1,0
BRDA:1100,147,0,0
BRDA:1100,147,1,0
BRDA:1105,148,0,0
BRDA:1105,148,1,0
BRDA:1105,149,0,0
BRDA:1105,149,1,0
BRDA:1105,149,2,0
BRDA:1108,150,0,0
BRDA:1108,150,1,0
BRDA:1108,151,0,0
BRDA:1108,151,1,0
BRDA:1123,152,0,0
BRDA:1123,152,1,0
BRDA:1123,153,0,0
BRDA:1123,153,1,0
BRDA:1143,154,0,0
BRDA:1143,154,1,0
BRDA:1143,155,0,0
BRDA:1143,155,1,0
BRDA:1143,155,2,0
BRDA:1148,156,0,0
BRDA:1148,156,1,0
BRDA:1148,157,0,0
BRDA:1148,157,1,0
BRDA:1148,157,2,0
BRDA:1148,157,3,0
BRDA:1157,158,0,0
BRDA:1157,158,1,0
BRDA:1157,159,0,0
BRDA:1157,159,1,0
BRDA:1157,159,2,0
BRDA:1170,160,0,0
BRDA:1170,160,1,0
BRDA:1170,161,0,0
BRDA:1170,161,1,0
BRDA:1170,161,2,0
BRDA:1170,161,3,0
BRDA:1173,162,0,0
BRDA:1173,162,1,0
BRDA:1192,163,0,0
BRDA:1192,163,1,0
BRDA:1192,164,0,0
BRDA:1192,164,1,0
BRDA:1192,164,2,0
BRDA:1192,164,3,0
BRF:346
BRH:0
end_of_record
TN:
SF:src/shared/constants/index.ts
FNF:0
FNH:0
DA:2,4
DA:3,4
DA:4,4
DA:5,4
DA:6,4
DA:7,4
LF:6
LH:6
BRF:0
BRH:0
end_of_record
TN:
SF:src/shared/constants/notification.ts
FNF:0
FNH:0
DA:4,4
DA:5,4
DA:8,4
DA:26,4
DA:34,4
DA:45,4
LF:6
LH:6
BRF:0
BRH:0
end_of_record
TN:
SF:src/shared/constants/terminal-themes.ts
FN:365,getTerminalTheme
FNF:1
FNH:0
FNDA:0,getTerminalTheme
DA:5,4
DA:45,4
DA:366,0
DA:367,0
LF:4
LH:2
BRDA:366,0,0,0
BRDA:366,0,1,0
BRF:2
BRH:0
end_of_record
TN:
SF:src/shared/constants/terminal.ts
FNF:0
FNH:0
DA:1,4
DA:2,4
LF:2
LH:2
BRF:0
BRH:0
end_of_record
TN:
SF:src/shared/constants/test-ids.ts
FNF:0
FNH:0
DA:1,4
LF:1
LH:1
BRF:0
BRH:0
end_of_record
TN:
SF:src/shared/constants/themes.ts
FN:205,buildTerminalFontFamily
FN:207,(anonymous_1)
FN:215,getTerminalFontFamilyById
FN:216,(anonymous_3)
FNF:4
FNH:0
FNDA:0,buildTerminalFontFamily
FNDA:0,(anonymous_1)
FNDA:0,getTerminalFontFamilyById
FNDA:0,(anonymous_3)
DA:41,4
DA:110,4
DA:155,4
DA:166,4
DA:176,4
DA:194,4
DA:206,0
DA:207,0
DA:212,0
DA:216,0
DA:217,0
DA:220,4
DA:284,4
DA:286,4
LF:14
LH:9
BRDA:215,0,0,0
BRDA:217,1,0,0
BRDA:217,1,1,0
BRF:3
BRH:0
end_of_record
TN:
SF:src/shared/constants/url-validation.ts
FN:26,isAllowedExternalUrl
FN:28,(anonymous_1)
FNF:2
FNH:0
FNDA:0,isAllowedExternalUrl
FNDA:0,(anonymous_1)
DA:19,4
DA:27,0
DA:28,0
LF:3
LH:1
BRDA:27,0,0,0
BRDA:27,0,1,0
BRDA:27,1,0,0
BRDA:27,1,1,0
BRF:4
BRH:0
end_of_record
TN:
SF:src/shared/types/index.ts
FNF:0
FNH:0
DA:282,0
DA:283,0
DA:286,0
LF:3
LH:0
BRF:0
BRH:0
end_of_record
TN:
SF:src/shared/types/notification-events.ts
FNF:0
FNH:0
LF:0
LH:0
BRF:0
BRH:0
end_of_record
TN:
SF:src/shared/types/notification.ts
FNF:0
FNH:0
LF:0
LH:0
BRF:0
BRH:0
end_of_record
TN:
SF:src/shared/types/update.ts
FNF:0
FNH:0
LF:0
LH:0
BRF:0
BRH:0
end_of_record
TN:
SF:src/stores/app-store.ts
FN:10,getTerminalProjectKey
FN:14,getProjectTerminalIds
FN:16,(anonymous_2)
FN:16,(anonymous_3)
FN:57,(anonymous_4)
FN:65,(anonymous_5)
FN:66,(anonymous_6)
FN:82,(anonymous_7)
FN:83,(anonymous_8)
FN:84,(anonymous_9)
FN:85,(anonymous_10)
FN:97,(anonymous_11)
FN:122,(anonymous_12)
FN:123,(anonymous_13)
FN:128,(anonymous_14)
FN:142,(anonymous_15)
FN:143,(anonymous_16)
FN:144,(anonymous_17)
FN:149,(anonymous_18)
FN:151,(anonymous_19)
FN:152,(anonymous_20)
FN:155,(anonymous_21)
FN:164,(anonymous_22)
FN:166,(anonymous_23)
FN:167,(anonymous_24)
FN:178,(anonymous_25)
FN:180,(anonymous_26)
FN:181,(anonymous_27)
FN:185,(anonymous_28)
FN:186,(anonymous_29)
FN:191,(anonymous_30)
FN:198,(anonymous_31)
FN:202,(anonymous_32)
FN:203,(anonymous_33)
FN:218,(anonymous_34)
FN:219,(anonymous_35)
FN:219,(anonymous_36)
FN:228,(anonymous_37)
FN:233,(anonymous_38)
FN:234,(anonymous_39)
FN:238,(anonymous_40)
FNF:41
FNH:0
FNDA:0,getTerminalProjectKey
FNDA:0,getProjectTerminalIds
FNDA:0,(anonymous_2)
FNDA:0,(anonymous_3)
FNDA:0,(anonymous_4)
FNDA:0,(anonymous_5)
FNDA:0,(anonymous_6)
FNDA:0,(anonymous_7)
FNDA:0,(anonymous_8)
FNDA:0,(anonymous_9)
FNDA:0,(anonymous_10)
FNDA:0,(anonymous_11)
FNDA:0,(anonymous_12)
FNDA:0,(anonymous_13)
FNDA:0,(anonymous_14)
FNDA:0,(anonymous_15)
FNDA:0,(anonymous_16)
FNDA:0,(anonymous_17)
FNDA:0,(anonymous_18)
FNDA:0,(anonymous_19)
FNDA:0,(anonymous_20)
FNDA:0,(anonymous_21)
FNDA:0,(anonymous_22)
FNDA:0,(anonymous_23)
FNDA:0,(anonymous_24)
FNDA:0,(anonymous_25)
FNDA:0,(anonymous_26)
FNDA:0,(anonymous_27)
FNDA:0,(anonymous_28)
FNDA:0,(anonymous_29)
FNDA:0,(anonymous_30)
FNDA:0,(anonymous_31)
FNDA:0,(anonymous_32)
FNDA:0,(anonymous_33)
FNDA:0,(anonymous_34)
FNDA:0,(anonymous_35)
FNDA:0,(anonymous_36)
FNDA:0,(anonymous_37)
FNDA:0,(anonymous_38)
FNDA:0,(anonymous_39)
FNDA:0,(anonymous_40)
DA:8,0
DA:11,0
DA:15,0
DA:16,0
DA:57,0
DA:66,0
DA:83,0
DA:84,0
DA:85,0
DA:86,0
DA:87,0
DA:88,0
DA:89,0
DA:91,0
DA:92,0
DA:93,0
DA:94,0
DA:95,0
DA:97,0
DA:99,0
DA:100,0
DA:102,0
DA:107,0
DA:108,0
DA:123,0
DA:124,0
DA:125,0
DA:128,0
DA:129,0
DA:130,0
DA:133,0
DA:143,0
DA:145,0
DA:149,0
DA:152,0
DA:156,0
DA:157,0
DA:164,0
DA:167,0
DA:178,0
DA:181,0
DA:186,0
DA:187,0
DA:188,0
DA:190,0
DA:191,0
DA:198,0
DA:203,0
DA:204,0
DA:205,0
DA:206,0
DA:210,0
DA:218,0
DA:219,0
DA:220,0
DA:225,0
DA:228,0
DA:234,0
DA:238,0
DA:242,0
DA:243,0
LF:61
LH:0
BRDA:11,0,0,0
BRDA:11,0,1,0
BRDA:15,1,0,0
BRDA:15,1,1,0
BRDA:92,2,0,0
BRDA:92,2,1,0
BRDA:94,3,0,0
BRDA:94,3,1,0
BRDA:99,4,0,0
BRDA:99,4,1,0
BRDA:113,5,0,0
BRDA:113,5,1,0
BRDA:114,6,0,0
BRDA:114,6,1,0
BRDA:114,6,2,0
BRDA:124,7,0,0
BRDA:124,7,1,0
BRDA:129,8,0,0
BRDA:129,8,1,0
BRDA:145,9,0,0
BRDA:145,9,1,0
BRDA:149,10,0,0
BRDA:149,10,1,0
BRDA:156,11,0,0
BRDA:156,11,1,0
BRDA:157,12,0,0
BRDA:157,12,1,0
BRDA:164,13,0,0
BRDA:164,13,1,0
BRDA:192,14,0,0
BRDA:192,14,1,0
BRDA:193,15,0,0
BRDA:193,15,1,0
BRDA:205,16,0,0
BRDA:205,16,1,0
BRDA:205,16,2,0
BRDA:206,17,0,0
BRDA:206,17,1,0
BRDA:206,18,0,0
BRDA:206,18,1,0
BRDA:208,19,0,0
BRDA:208,19,1,0
BRDA:242,20,0,0
BRDA:242,20,1,0
BRF:44
BRH:0
end_of_record
TN:
SF:src/stores/image-store.ts
FN:20,(anonymous_0)
FN:23,(anonymous_1)
FN:24,(anonymous_2)
FN:38,(anonymous_3)
FN:39,(anonymous_4)
FN:43,(anonymous_5)
FN:48,(anonymous_6)
FN:50,(anonymous_7)
FN:52,(anonymous_8)
FN:55,(anonymous_9)
FN:56,(anonymous_10)
FN:63,(anonymous_11)
FN:65,(anonymous_12)
FNF:13
FNH:0
FNDA:0,(anonymous_0)
FNDA:0,(anonymous_1)
FNDA:0,(anonymous_2)
FNDA:0,(anonymous_3)
FNDA:0,(anonymous_4)
FNDA:0,(anonymous_5)
FNDA:0,(anonymous_6)
FNDA:0,(anonymous_7)
FNDA:0,(anonymous_8)
FNDA:0,(anonymous_9)
FNDA:0,(anonymous_10)
FNDA:0,(anonymous_11)
FNDA:0,(anonymous_12)
DA:20,0
DA:24,0
DA:25,0
DA:26,0
DA:27,0
DA:39,0
DA:43,0
DA:48,0
DA:51,0
DA:52,0
DA:56,0
DA:58,0
DA:59,0
DA:64,0
DA:65,0
LF:15
LH:0
BRDA:25,0,0,0
BRDA:25,0,1,0
BRDA:42,1,0,0
BRDA:42,1,1,0
BRDA:48,2,0,0
BRDA:48,2,1,0
BRDA:51,3,0,0
BRDA:51,3,1,0
BRF:8
BRH:0
end_of_record
TN:
SF:src/stores/index.ts
FNF:0
FNH:0
LF:0
LH:0
BRF:0
BRH:0
end_of_record
TN:
SF:src/stores/notification-store.ts
FN:17,getSound
FN:27,(anonymous_1)
FN:32,(anonymous_2)
FN:43,(anonymous_3)
FN:55,(anonymous_4)
FN:61,(anonymous_5)
FN:69,setupNotificationListener
FN:70,(anonymous_7)
FN:86,(anonymous_8)
FN:90,(anonymous_9)
FN:94,(anonymous_10)
FNF:11
FNH:0
FNDA:0,getSound
FNDA:0,(anonymous_1)
FNDA:0,(anonymous_2)
FNDA:0,(anonymous_3)
FNDA:0,(anonymous_4)
FNDA:0,(anonymous_5)
FNDA:0,setupNotificationListener
FNDA:0,(anonymous_7)
FNDA:0,(anonymous_8)
FNDA:0,(anonymous_9)
FNDA:0,(anonymous_10)
DA:15,0
DA:18,0
DA:19,0
DA:20,0
DA:21,0
DA:22,0
DA:24,0
DA:27,0
DA:33,0
DA:34,0
DA:35,0
DA:36,0
DA:38,0
DA:39,0
DA:44,0
DA:45,0
DA:46,0
DA:47,0
DA:48,0
DA:50,0
DA:51,0
DA:56,0
DA:57,0
DA:58,0
DA:59,0
DA:60,0
DA:61,0
DA:70,0
DA:71,0
DA:72,0
DA:74,0
DA:75,0
DA:77,0
DA:78,0
DA:80,0
DA:81,0
DA:85,0
DA:86,0
DA:87,0
DA:90,0
DA:91,0
DA:94,0
DA:95,0
DA:96,0
LF:44
LH:0
BRDA:19,0,0,0
BRDA:19,0,1,0
BRDA:36,1,0,0
BRDA:36,1,1,0
BRDA:57,2,0,0
BRDA:57,2,1,0
BRDA:72,3,0,0
BRDA:72,3,1,0
BRDA:72,3,2,0
BRDA:91,4,0,0
BRDA:91,4,1,0
BRF:11
BRH:0
end_of_record
TN:
SF:src/stores/settings-store.ts
FN:8,applyAppFont
FN:9,(anonymous_1)
FN:51,areSettingsEqual
FN:85,(anonymous_3)
FN:88,(anonymous_4)
FN:94,(anonymous_5)
FN:98,(anonymous_6)
FN:102,(anonymous_7)
FN:106,(anonymous_8)
FN:110,(anonymous_9)
FN:114,(anonymous_10)
FN:118,(anonymous_11)
FN:122,(anonymous_12)
FN:127,(anonymous_13)
FN:131,(anonymous_14)
FN:141,(anonymous_15)
FN:145,(anonymous_16)
FN:150,(anonymous_17)
FN:161,(anonymous_18)
FN:165,(anonymous_19)
FN:195,(anonymous_20)
FN:202,(anonymous_21)
FN:204,(anonymous_22)
FN:212,(anonymous_23)
FN:220,(anonymous_24)
FNF:25
FNH:0
FNDA:0,applyAppFont
FNDA:0,(anonymous_1)
FNDA:0,areSettingsEqual
FNDA:0,(anonymous_3)
FNDA:0,(anonymous_4)
FNDA:0,(anonymous_5)
FNDA:0,(anonymous_6)
FNDA:0,(anonymous_7)
FNDA:0,(anonymous_8)
FNDA:0,(anonymous_9)
FNDA:0,(anonymous_10)
FNDA:0,(anonymous_11)
FNDA:0,(anonymous_12)
FNDA:0,(anonymous_13)
FNDA:0,(anonymous_14)
FNDA:0,(anonymous_15)
FNDA:0,(anonymous_16)
FNDA:0,(anonymous_17)
FNDA:0,(anonymous_18)
FNDA:0,(anonymous_19)
FNDA:0,(anonymous_20)
FNDA:0,(anonymous_21)
FNDA:0,(anonymous_22)
FNDA:0,(anonymous_23)
FNDA:0,(anonymous_24)
DA:9,0
DA:10,0
DA:11,0
DA:12,0
DA:15,0
DA:17,0
DA:52,0
DA:53,0
DA:54,0
DA:55,0
DA:56,0
DA:57,0
DA:58,0
DA:59,0
DA:60,0
DA:61,0
DA:62,0
DA:63,0
DA:64,0
DA:65,0
DA:67,0
DA:68,0
DA:69,0
DA:70,0
DA:71,0
DA:72,0
DA:73,0
DA:74,0
DA:75,0
DA:76,0
DA:77,0
DA:78,0
DA:79,0
DA:82,0
DA:85,0
DA:88,0
DA:95,0
DA:96,0
DA:99,0
DA:100,0
DA:103,0
DA:104,0
DA:107,0
DA:108,0
DA:111,0
DA:112,0
DA:115,0
DA:116,0
DA:119,0
DA:120,0
DA:123,0
DA:124,0
DA:125,0
DA:128,0
DA:129,0
DA:132,0
DA:139,0
DA:142,0
DA:143,0
DA:146,0
DA:147,0
DA:151,0
DA:152,0
DA:153,0
DA:154,0
DA:156,0
DA:157,0
DA:162,0
DA:166,0
DA:167,0
DA:168,0
DA:169,0
DA:170,0
DA:173,0
DA:174,0
DA:175,0
DA:176,0
DA:177,0
DA:178,0
DA:179,0
DA:180,0
DA:181,0
DA:182,0
DA:184,0
DA:189,0
DA:190,0
DA:191,0
DA:196,0
DA:197,0
DA:198,0
DA:199,0
DA:202,0
DA:205,0
DA:206,0
DA:208,0
DA:213,0
DA:214,0
DA:215,0
DA:216,0
DA:218,0
DA:219,0
DA:220,0
DA:221,0
DA:222,0
DA:223,0
DA:227,0
LF:106
LH:0
BRDA:10,0,0,0
BRDA:10,0,1,0
BRDA:52,1,0,0
BRDA:52,1,1,0
BRDA:53,2,0,0
BRDA:53,2,1,0
BRDA:54,3,0,0
BRDA:54,3,1,0
BRDA:55,4,0,0
BRDA:55,4,1,0
BRDA:56,5,0,0
BRDA:56,5,1,0
BRDA:57,6,0,0
BRDA:57,6,1,0
BRDA:58,7,0,0
BRDA:58,7,1,0
BRDA:59,8,0,0
BRDA:59,8,1,0
BRDA:60,9,0,0
BRDA:60,9,1,0
BRDA:63,10,0,0
BRDA:63,10,1,0
BRDA:64,11,0,0
BRDA:64,11,1,0
BRDA:64,12,0,0
BRDA:64,12,1,0
BRDA:65,13,0,0
BRDA:65,13,1,0
BRDA:69,14,0,0
BRDA:69,14,1,0
BRDA:70,15,0,0
BRDA:70,15,1,0
BRDA:71,16,0,0
BRDA:71,16,1,0
BRDA:74,17,0,0
BRDA:74,17,1,0
BRDA:74,18,0,0
BRDA:74,18,1,0
BRDA:75,19,0,0
BRDA:75,19,1,0
BRDA:75,20,0,0
BRDA:75,20,1,0
BRDA:76,21,0,0
BRDA:76,21,1,0
BRDA:76,22,0,0
BRDA:76,22,1,0
BRDA:77,23,0,0
BRDA:77,23,1,0
BRDA:78,24,0,0
BRDA:78,24,1,0
BRDA:78,25,0,0
BRDA:78,25,1,0
BRDA:79,26,0,0
BRDA:79,26,1,0
BRDA:154,27,0,0
BRDA:154,27,1,0
BRDA:168,28,0,0
BRDA:168,28,1,0
BRDA:170,29,0,0
BRDA:170,29,1,0
BRDA:173,30,0,0
BRDA:173,30,1,0
BRDA:176,31,0,0
BRDA:176,31,1,0
BRDA:179,32,0,0
BRDA:179,32,1,0
BRDA:197,33,0,0
BRDA:197,33,1,0
BRDA:198,34,0,0
BRDA:198,34,1,0
BRDA:198,35,0,0
BRDA:198,35,1,0
BRDA:205,36,0,0
BRDA:205,36,1,0
BRDA:215,37,0,0
BRDA:215,37,1,0
BRDA:219,38,0,0
BRDA:219,38,1,0
BRDA:219,39,0,0
BRDA:219,39,1,0
BRDA:221,40,0,0
BRDA:221,40,1,0
BRF:82
BRH:0
end_of_record
TN:
SF:src/stores/toast-store.ts
FN:15,(anonymous_0)
FN:18,(anonymous_1)
FN:20,(anonymous_2)
FN:23,(anonymous_3)
FN:24,(anonymous_4)
FN:24,(anonymous_5)
FN:28,(anonymous_6)
FN:29,(anonymous_7)
FN:29,(anonymous_8)
FNF:9
FNH:0
FNDA:0,(anonymous_0)
FNDA:0,(anonymous_1)
FNDA:0,(anonymous_2)
FNDA:0,(anonymous_3)
FNDA:0,(anonymous_4)
FNDA:0,(anonymous_5)
FNDA:0,(anonymous_6)
FNDA:0,(anonymous_7)
FNDA:0,(anonymous_8)
DA:15,0
DA:19,0
DA:20,0
DA:23,0
DA:24,0
DA:29,0
LF:6
LH:0
BRDA:18,0,0,0
BRF:1
BRH:0
end_of_record
TN:
SF:src/stores/update-store.ts
FN:24,(anonymous_0)
FN:28,(anonymous_1)
FN:39,(anonymous_2)
FN:48,(anonymous_3)
FN:56,(anonymous_4)
FN:66,setupUpdateListener
FN:67,(anonymous_6)
FNF:7
FNH:0
FNDA:0,(anonymous_0)
FNDA:0,(anonymous_1)
FNDA:0,(anonymous_2)
FNDA:0,(anonymous_3)
FNDA:0,(anonymous_4)
FNDA:0,setupUpdateListener
FNDA:0,(anonymous_6)
DA:14,0
DA:24,0
DA:29,0
DA:30,0
DA:31,0
DA:32,0
DA:34,0
DA:35,0
DA:40,0
DA:41,0
DA:42,0
DA:44,0
DA:49,0
DA:50,0
DA:52,0
DA:57,0
DA:58,0
DA:60,0
DA:67,0
DA:68,0
LF:20
LH:0
BRDA:32,0,0,0
BRDA:32,0,1,0
BRDA:42,1,0,0
BRDA:42,1,1,0
BRF:4
BRH:0
end_of_record
TN:
SF:src/utils/file-drop-handler.ts
FN:16,getTerminalIdFromTarget
FN:24,getTerminalIdFromPoint
FN:29,setPendingDropTerminal
FN:33,clearPendingDropTerminal
FN:38,resolvePreferredDropTerminalId
FN:42,writePathsToTerminal
FN:48,resolveDropTerminalId
FN:55,writePathsToResolvedTerminal
FN:61,extractFilePaths
FN:66,(anonymous_9)
FN:68,(anonymous_10)
FN:71,initFileDropHandler
FN:75,(anonymous_12)
FN:82,(anonymous_13)
FN:89,(anonymous_14)
FN:90,(anonymous_15)
FN:91,(anonymous_16)
FN:94,(anonymous_17)
FN:100,disposeFileDropHandler
FNF:19
FNH:0
FNDA:0,getTerminalIdFromTarget
FNDA:0,getTerminalIdFromPoint
FNDA:0,setPendingDropTerminal
FNDA:0,clearPendingDropTerminal
FNDA:0,resolvePreferredDropTerminalId
FNDA:0,writePathsToTerminal
FNDA:0,resolveDropTerminalId
FNDA:0,writePathsToResolvedTerminal
FNDA:0,extractFilePaths
FNDA:0,(anonymous_9)
FNDA:0,(anonymous_10)
FNDA:0,initFileDropHandler
FNDA:0,(anonymous_12)
FNDA:0,(anonymous_13)
FNDA:0,(anonymous_14)
FNDA:0,(anonymous_15)
FNDA:0,(anonymous_16)
FNDA:0,(anonymous_17)
FNDA:0,disposeFileDropHandler
DA:11,0
DA:13,0
DA:14,0
DA:17,0
DA:18,0
DA:21,0
DA:25,0
DA:26,0
DA:30,0
DA:34,0
DA:35,0
DA:39,0
DA:43,0
DA:44,0
DA:45,0
DA:49,0
DA:56,0
DA:57,0
DA:58,0
DA:62,0
DA:63,0
DA:64,0
DA:65,0
DA:66,0
DA:68,0
DA:72,0
DA:73,0
DA:75,0
DA:76,0
DA:77,0
DA:78,0
DA:79,0
DA:82,0
DA:83,0
DA:84,0
DA:85,0
DA:86,0
DA:89,0
DA:90,0
DA:91,0
DA:94,0
DA:95,0
DA:96,0
DA:101,0
DA:102,0
DA:103,0
LF:46
LH:0
BRDA:17,0,0,0
BRDA:17,0,1,0
BRDA:17,1,0,0
BRDA:17,1,1,0
BRDA:17,1,2,0
BRDA:21,2,0,0
BRDA:21,2,1,0
BRDA:25,3,0,0
BRDA:25,3,1,0
BRDA:34,4,0,0
BRDA:34,4,1,0
BRDA:34,5,0,0
BRDA:34,5,1,0
BRDA:39,6,0,0
BRDA:39,6,1,0
BRDA:44,7,0,0
BRDA:44,7,1,0
BRDA:51,8,0,0
BRDA:51,8,1,0
BRDA:57,9,0,0
BRDA:57,9,1,0
BRDA:62,10,0,0
BRDA:62,10,1,0
BRDA:62,11,0,0
BRDA:62,11,1,0
BRDA:64,12,0,0
BRDA:64,12,1,0
BRDA:66,13,0,0
BRDA:66,13,1,0
BRDA:72,14,0,0
BRDA:72,14,1,0
BRDA:77,15,0,0
BRDA:77,15,1,0
BRDA:78,16,0,0
BRDA:78,16,1,0
BRDA:79,17,0,0
BRDA:79,17,1,0
BRDA:85,18,0,0
BRDA:85,18,1,0
BRDA:90,19,0,0
BRDA:90,19,1,0
BRDA:101,20,0,0
BRDA:101,20,1,0
BRF:43
BRH:0
end_of_record
TN:
SF:src/utils/font-utils.ts
FN:8,getFontFamily
FNF:1
FNH:0
FNDA:0,getFontFamily
DA:9,0
LF:1
LH:0
BRF:0
BRH:0
end_of_record
TN:
SF:src/utils/index.ts
FNF:0
FNH:0
DA:1,0
DA:2,0
DA:3,0
DA:4,0
LF:4
LH:0
BRF:0
BRH:0
end_of_record
TN:
SF:src/utils/keyboard-enhancement-utils.ts
FN:24,cloneState
FN:33,isTerminalKeyboardEnhancementEnabled
FN:37,getCsiUEnterSequence
FN:49,isTerminalKeyboardEnhancementStateEqual
FN:65,(anonymous_4)
FN:68,processTerminalKeyboardEnhancementData
FN:87,(anonymous_6)
FNF:7
FNH:0
FNDA:0,cloneState
FNDA:0,isTerminalKeyboardEnhancementEnabled
FNDA:0,getCsiUEnterSequence
FNDA:0,isTerminalKeyboardEnhancementStateEqual
FNDA:0,(anonymous_4)
FNDA:0,processTerminalKeyboardEnhancementData
FNDA:0,(anonymous_6)
DA:14,0
DA:21,0
DA:22,0
DA:25,0
DA:34,0
DA:38,0
DA:40,0
DA:46,0
DA:53,0
DA:58,0
DA:61,0
DA:62,0
DA:65,0
DA:72,0
DA:73,0
DA:74,0
DA:76,0
DA:77,0
DA:83,0
DA:87,0
DA:88,0
DA:90,0
DA:91,0
DA:92,0
DA:93,0
DA:96,0
DA:97,0
DA:98,0
DA:99,0
DA:101,0
DA:104,0
DA:105,0
DA:108,0
DA:110,0
LF:34
LH:0
BRDA:34,0,0,0
BRDA:34,0,1,0
BRDA:38,1,0,0
BRDA:38,1,1,0
BRDA:41,2,0,0
BRDA:41,2,1,0
BRDA:42,3,0,0
BRDA:42,3,1,0
BRDA:43,4,0,0
BRDA:43,4,1,0
BRDA:44,5,0,0
BRDA:44,5,1,0
BRDA:53,6,0,0
BRDA:53,6,1,0
BRDA:54,7,0,0
BRDA:54,7,1,0
BRDA:54,7,2,0
BRDA:61,8,0,0
BRDA:61,8,1,0
BRDA:77,9,0,0
BRDA:77,9,1,0
BRDA:77,10,0,0
BRDA:77,10,1,0
BRDA:79,11,0,0
BRDA:79,11,1,0
BRDA:83,12,0,0
BRDA:83,12,1,0
BRDA:90,13,0,0
BRDA:90,13,1,0
BRDA:92,14,0,0
BRDA:92,14,1,0
BRDA:96,15,0,0
BRDA:96,15,1,0
BRDA:97,16,0,0
BRDA:97,16,1,0
BRDA:97,17,0,0
BRDA:97,17,1,0
BRDA:99,18,0,0
BRDA:99,18,1,0
BRF:39
BRH:0
end_of_record
TN:
SF:src/utils/shell-utils.ts
FN:7,getShellKey
FNF:1
FNH:1
FNDA:3,getShellKey
DA:8,3
DA:9,2
LF:2
LH:2
BRDA:8,0,0,1
BRDA:8,0,1,2
BRF:2
BRH:2
end_of_record
TN:
SF:src/utils/shortcut-utils.ts
FN:16,getDigitFromEvent
FN:28,getGlobalShortcut
FN:63,shouldBypassXtermShortcut
FNF:3
FNH:0
FNDA:0,getDigitFromEvent
FNDA:0,getGlobalShortcut
FNDA:0,shouldBypassXtermShortcut
DA:17,0
DA:18,0
DA:21,0
DA:22,0
DA:25,0
DA:29,0
DA:30,0
DA:31,0
DA:32,0
DA:36,0
DA:37,0
DA:38,0
DA:40,0
DA:42,0
DA:44,0
DA:46,0
DA:49,0
DA:52,0
DA:54,0
DA:56,0
DA:60,0
DA:64,0
LF:22
LH:0
BRDA:17,0,0,0
BRDA:17,0,1,0
BRDA:17,1,0,0
BRDA:17,1,1,0
BRDA:21,2,0,0
BRDA:21,2,1,0
BRDA:21,3,0,0
BRDA:21,3,1,0
BRDA:29,4,0,0
BRDA:29,4,1,0
BRDA:29,5,0,0
BRDA:29,5,1,0
BRDA:29,5,2,0
BRDA:29,5,3,0
BRDA:31,6,0,0
BRDA:31,6,1,0
BRDA:36,7,0,0
BRDA:36,7,1,0
BRDA:36,8,0,0
BRDA:36,8,1,0
BRDA:36,8,2,0
BRDA:38,9,0,0
BRDA:38,9,1,0
BRDA:38,9,2,0
BRDA:38,9,3,0
BRDA:49,10,0,0
BRDA:49,10,1,0
BRDA:49,10,2,0
BRDA:49,10,3,0
BRF:29
BRH:0
end_of_record
TN:
SF:src/utils/terminal-path-utils.ts
FN:4,formatPathForTerminal
FN:14,joinPathsForTerminal
FNF:2
FNH:2
FNDA:13,formatPathForTerminal
FNDA:4,joinPathsForTerminal
DA:5,13
DA:6,6
DA:8,7
DA:15,4
LF:4
LH:4
BRDA:5,0,0,6
BRDA:5,0,1,7
BRF:2
BRH:2
end_of_record
TN:
SF:src/utils/terminal-scroll-utils.ts
FN:10,isPointerOnViewportScrollbar
FN:27,isViewportNearBottom
FN:35,createUserScrollIntent
FN:45,resolveViewportRestoreTarget
FNF:4
FNH:0
FNDA:0,isPointerOnViewportScrollbar
FNDA:0,isViewportNearBottom
FNDA:0,createUserScrollIntent
FNDA:0,resolveViewportRestoreTarget
DA:1,0
DA:21,0
DA:22,0
DA:24,0
DA:32,0
DA:40,0
DA:56,0
DA:57,0
DA:60,0
DA:61,0
DA:64,0
DA:65,0
DA:68,0
LF:13
LH:0
BRDA:22,0,0,0
BRDA:22,0,1,0
BRDA:30,1,0,0
BRDA:38,2,0,0
BRDA:40,3,0,0
BRDA:40,3,1,0
BRDA:46,4,0,0
BRDA:56,5,0,0
BRDA:56,5,1,0
BRDA:60,6,0,0
BRDA:60,6,1,0
BRDA:61,7,0,0
BRDA:61,7,1,0
BRDA:64,8,0,0
BRDA:64,8,1,0
BRDA:64,9,0,0
BRDA:64,9,1,0
BRF:17
BRH:0
end_of_record
